09:32:30.984 [http-nio-8081-exec-3] [WARN ] c.a.d.p.DruidAbstractDataSourcetestConnectionInternal(1494) - discard long time none received connection. , jdbcUrl : jdbc:mysql://localhost:3306/integration?useUnicode=true&characterEncoding=utf8&serverTimezone=Asia/Shanghai&useSSL=true, version : 1.2.5, lastPacketReceivedIdleMillis : 73175
09:33:45.900 [http-nio-8081-exec-5] [WARN ] c.a.d.p.DruidAbstractDataSourcetestConnectionInternal(1494) - discard long time none received connection. , jdbcUrl : jdbc:mysql://localhost:3306/integration?useUnicode=true&characterEncoding=utf8&serverTimezone=Asia/Shanghai&useSSL=true, version : 1.2.5, lastPacketReceivedIdleMillis : 74841
09:37:02.565 [http-nio-8081-exec-6] [WARN ] c.a.d.p.DruidAbstractDataSourcetestConnectionInternal(1494) - discard long time none received connection. , jdbcUrl : jdbc:mysql://localhost:3306/integration?useUnicode=true&characterEncoding=utf8&serverTimezone=Asia/Shanghai&useSSL=true, version : 1.2.5, lastPacketReceivedIdleMillis : 196611
09:44:32.568 [http-nio-8081-exec-9] [WARN ] c.a.d.p.DruidAbstractDataSourcetestConnectionInternal(1494) - discard long time none received connection. , jdbcUrl : jdbc:mysql://localhost:3306/integration?useUnicode=true&characterEncoding=utf8&serverTimezone=Asia/Shanghai&useSSL=true, version : 1.2.5, lastPacketReceivedIdleMillis : 405865
09:50:48.620 [http-nio-8081-exec-4] [WARN ] c.a.d.p.DruidAbstractDataSourcetestConnectionInternal(1494) - discard long time none received connection. , jdbcUrl : jdbc:mysql://localhost:3306/integration?useUnicode=true&characterEncoding=utf8&serverTimezone=Asia/Shanghai&useSSL=true, version : 1.2.5, lastPacketReceivedIdleMillis : 303527
09:56:05.702 [http-nio-8081-exec-2] [WARN ] c.a.d.p.DruidAbstractDataSourcetestConnectionInternal(1494) - discard long time none received connection. , jdbcUrl : jdbc:mysql://localhost:3306/integration?useUnicode=true&characterEncoding=utf8&serverTimezone=Asia/Shanghai&useSSL=true, version : 1.2.5, lastPacketReceivedIdleMillis : 317014
09:59:45.357 [http-nio-8081-exec-1] [WARN ] c.a.d.p.DruidAbstractDataSourcetestConnectionInternal(1494) - discard long time none received connection. , jdbcUrl : jdbc:mysql://localhost:3306/integration?useUnicode=true&characterEncoding=utf8&serverTimezone=Asia/Shanghai&useSSL=true, version : 1.2.5, lastPacketReceivedIdleMillis : 219563
10:04:40.871 [http-nio-8081-exec-10] [WARN ] c.a.d.p.DruidAbstractDataSourcetestConnectionInternal(1494) - discard long time none received connection. , jdbcUrl : jdbc:mysql://localhost:3306/integration?useUnicode=true&characterEncoding=utf8&serverTimezone=Asia/Shanghai&useSSL=true, version : 1.2.5, lastPacketReceivedIdleMillis : 295441
10:08:53.618 [http-nio-8081-exec-9] [WARN ] o.m.s.m.ClassPathMapperScannerwarn(44) - No MyBatis mapper was found in '[org.blue.springbootmodular.mapper]' package. Please check your configuration.
10:10:53.954 [http-nio-8081-exec-10] [WARN ] o.m.s.m.ClassPathMapperScannerwarn(44) - No MyBatis mapper was found in '[org.blue.springbootmodular.mapper]' package. Please check your configuration.
10:11:53.632 [http-nio-8081-exec-7] [WARN ] o.m.s.m.ClassPathMapperScannerwarn(44) - No MyBatis mapper was found in '[org.blue.springbootmodular.mapper]' package. Please check your configuration.
10:13:51.550 [http-nio-8081-exec-2] [WARN ] o.m.s.m.ClassPathMapperScannerwarn(44) - No MyBatis mapper was found in '[org.blue.springbootmodular.mapper]' package. Please check your configuration.
10:13:57.465 [http-nio-8081-exec-4] [WARN ] o.s.w.s.m.s.DefaultHandlerExceptionResolverlogException(207) - Resolved [org.springframework.web.HttpRequestMethodNotSupportedException: Request method 'GET' not supported]
10:14:03.643 [http-nio-8081-exec-9] [WARN ] o.m.s.m.ClassPathMapperScannerwarn(44) - No MyBatis mapper was found in '[org.blue.springbootmodular.mapper]' package. Please check your configuration.
10:14:30.214 [http-nio-8081-exec-8] [WARN ] o.s.w.s.m.s.DefaultHandlerExceptionResolverlogException(207) - Resolved [org.springframework.web.HttpRequestMethodNotSupportedException: Request method 'GET' not supported]
10:15:48.626 [http-nio-8081-exec-3] [WARN ] o.s.w.s.m.s.DefaultHandlerExceptionResolverlogException(207) - Resolved [org.springframework.http.converter.HttpMessageNotReadableException: Required request body is missing: public java.lang.String org.blue.springbootmodular.controller.PageController.addAccount(org.blue.springbootmodular.entity.Account)]
10:16:26.064 [main] [WARN ] o.m.s.m.ClassPathMapperScannerwarn(44) - Skipping MapperFactoryBean with name 'accountMapper' and 'org.blue.springbootmodular.mapper.AccountMapper' mapperInterface. Bean already defined with the same name!
10:16:26.065 [main] [WARN ] o.m.s.m.ClassPathMapperScannerwarn(44) - No MyBatis mapper was found in '[org.blue.springbootmodular.mapper]' package. Please check your configuration.
10:17:26.094 [http-nio-8081-exec-6] [WARN ] o.s.w.s.m.s.DefaultHandlerExceptionResolverlogException(207) - Resolved [org.springframework.http.converter.HttpMessageNotReadableException: Required request body is missing: public java.lang.String org.blue.springbootmodular.controller.PageController.addAccount(org.blue.springbootmodular.entity.Account)]
10:17:30.581 [http-nio-8081-exec-7] [WARN ] o.m.s.m.ClassPathMapperScannerwarn(44) - No MyBatis mapper was found in '[org.blue.springbootmodular.mapper]' package. Please check your configuration.
10:17:30.626 [http-nio-8081-exec-7] [WARN ] o.m.s.m.ClassPathMapperScannerwarn(44) - No MyBatis mapper was found in '[org.blue.springbootmodular.mapper]' package. Please check your configuration.
10:17:45.563 [http-nio-8081-exec-3] [WARN ] o.m.s.m.ClassPathMapperScannerwarn(44) - No MyBatis mapper was found in '[org.blue.springbootmodular.mapper]' package. Please check your configuration.
10:17:45.625 [http-nio-8081-exec-3] [WARN ] o.m.s.m.ClassPathMapperScannerwarn(44) - No MyBatis mapper was found in '[org.blue.springbootmodular.mapper]' package. Please check your configuration.
10:19:15.733 [http-nio-8081-exec-2] [WARN ] o.s.w.s.m.s.DefaultHandlerExceptionResolverlogException(207) - Resolved [org.springframework.http.converter.HttpMessageNotReadableException: Required request body is missing: public java.lang.String org.blue.springbootmodular.controller.PageController.addAccount(org.blue.springbootmodular.entity.Account)]
10:21:53.607 [http-nio-8081-exec-7] [WARN ] o.m.s.m.ClassPathMapperScannerwarn(44) - No MyBatis mapper was found in '[org.blue.springbootmodular.mapper]' package. Please check your configuration.
10:21:53.639 [http-nio-8081-exec-7] [WARN ] o.m.s.m.ClassPathMapperScannerwarn(44) - No MyBatis mapper was found in '[org.blue.springbootmodular.mapper]' package. Please check your configuration.
11:06:48.842 [http-nio-8081-exec-5] [WARN ] o.s.w.s.m.s.DefaultHandlerExceptionResolverlogException(207) - Resolved [org.springframework.web.HttpRequestMethodNotSupportedException: Request method 'GET' not supported]
11:08:30.639 [http-nio-8081-exec-7] [WARN ] o.m.s.m.ClassPathMapperScannerwarn(44) - No MyBatis mapper was found in '[org.blue.springbootmodular.mapper]' package. Please check your configuration.
11:08:30.656 [http-nio-8081-exec-7] [WARN ] o.m.s.m.ClassPathMapperScannerwarn(44) - No MyBatis mapper was found in '[org.blue.springbootmodular.mapper]' package. Please check your configuration.
11:09:11.200 [http-nio-8081-exec-6] [WARN ] o.s.w.s.m.s.DefaultHandlerExceptionResolverlogException(207) - Resolved [org.springframework.http.converter.HttpMessageNotReadableException: Required request body is missing: public java.lang.String org.blue.springbootmodular.controller.PageController.addAccount(org.blue.springbootmodular.entity.Account)]
11:15:06.229 [http-nio-8081-exec-4] [WARN ] o.s.w.s.m.s.DefaultHandlerExceptionResolverlogException(207) - Resolved [org.springframework.http.converter.HttpMessageNotReadableException: Required request body is missing: public java.lang.String org.blue.springbootmodular.controller.PageController.addAccount(org.blue.springbootmodular.entity.Account)]
11:15:55.737 [http-nio-8081-exec-8] [WARN ] o.s.w.s.m.s.DefaultHandlerExceptionResolverlogException(207) - Resolved [org.springframework.http.converter.HttpMessageNotReadableException: Required request body is missing: public java.lang.String org.blue.springbootmodular.controller.PageController.addAccount(org.blue.springbootmodular.entity.Account)]
11:19:01.757 [http-nio-8081-exec-5] [WARN ] o.s.w.s.m.s.DefaultHandlerExceptionResolverlogException(207) - Resolved [org.springframework.web.HttpMediaTypeNotSupportedException: Content type 'multipart/form-data;boundary=--------------------------175991457893611912998866;charset=UTF-8' not supported]
11:20:43.535 [http-nio-8081-exec-1] [WARN ] o.m.s.m.ClassPathMapperScannerwarn(44) - No MyBatis mapper was found in '[org.blue.springbootmodular.mapper]' package. Please check your configuration.
11:20:43.618 [http-nio-8081-exec-1] [WARN ] o.s.w.s.m.s.DefaultHandlerExceptionResolverlogException(207) - Resolved [org.springframework.web.HttpMediaTypeNotSupportedException: Content type 'multipart/form-data;boundary=--------------------------372787561554152709531597;charset=UTF-8' not supported]
11:23:14.919 [http-nio-8081-exec-10] [WARN ] o.s.w.s.m.s.DefaultHandlerExceptionResolverlogException(207) - Resolved [org.springframework.web.HttpMediaTypeNotSupportedException: Content type 'multipart/form-data;boundary=--------------------------880197341337841892283466;charset=UTF-8' not supported]
11:25:43.977 [http-nio-8081-exec-8] [WARN ] o.s.w.s.m.s.DefaultHandlerExceptionResolverlogException(207) - Resolved [org.springframework.web.HttpMediaTypeNotSupportedException: Content type 'multipart/form-data;boundary=--------------------------397493864632443567568136;charset=UTF-8' not supported]
11:38:21.634 [http-nio-8081-exec-4] [ERROR] d.s.StatementstatementLogError(152) - {conn-10001, pstmt-20000} execute error. INSERT INTO account  ( account_id,
account_name,
account_sex,
account_age,
account_address )  VALUES  ( ?,
?,
?,
?,
? )
java.sql.SQLException: Data truncated for column 'account_sex' at row 1
	at com.mysql.cj.jdbc.exceptions.SQLError.createSQLException(SQLError.java:129) ~[mysql-connector-java-8.0.26.jar:8.0.26]
	at com.mysql.cj.jdbc.exceptions.SQLExceptionsMapping.translateException(SQLExceptionsMapping.java:122) ~[mysql-connector-java-8.0.26.jar:8.0.26]
	at com.mysql.cj.jdbc.ClientPreparedStatement.executeInternal(ClientPreparedStatement.java:953) ~[mysql-connector-java-8.0.26.jar:8.0.26]
	at com.mysql.cj.jdbc.ClientPreparedStatement.execute(ClientPreparedStatement.java:370) ~[mysql-connector-java-8.0.26.jar:8.0.26]
	at com.alibaba.druid.filter.FilterChainImpl.preparedStatement_execute(FilterChainImpl.java:3461) ~[druid-1.2.6.jar:1.2.6]
	at com.alibaba.druid.filter.FilterEventAdapter.preparedStatement_execute(FilterEventAdapter.java:440) [druid-1.2.6.jar:1.2.6]
	at com.alibaba.druid.filter.FilterChainImpl.preparedStatement_execute(FilterChainImpl.java:3459) [druid-1.2.6.jar:1.2.6]
	at com.alibaba.druid.wall.WallFilter.preparedStatement_execute(WallFilter.java:660) [druid-1.2.6.jar:1.2.6]
	at com.alibaba.druid.filter.FilterChainImpl.preparedStatement_execute(FilterChainImpl.java:3459) [druid-1.2.6.jar:1.2.6]
	at com.alibaba.druid.filter.FilterEventAdapter.preparedStatement_execute(FilterEventAdapter.java:440) [druid-1.2.6.jar:1.2.6]
	at com.alibaba.druid.filter.FilterChainImpl.preparedStatement_execute(FilterChainImpl.java:3459) [druid-1.2.6.jar:1.2.6]
	at com.alibaba.druid.proxy.jdbc.PreparedStatementProxyImpl.execute(PreparedStatementProxyImpl.java:167) [druid-1.2.6.jar:1.2.6]
	at com.alibaba.druid.pool.DruidPooledPreparedStatement.execute(DruidPooledPreparedStatement.java:497) [druid-1.2.6.jar:1.2.6]
	at sun.reflect.NativeMethodAccessorImpl.invoke0(Native Method) ~[?:1.8.0_291]
	at sun.reflect.NativeMethodAccessorImpl.invoke(NativeMethodAccessorImpl.java:62) ~[?:1.8.0_291]
	at sun.reflect.DelegatingMethodAccessorImpl.invoke(DelegatingMethodAccessorImpl.java:43) ~[?:1.8.0_291]
	at java.lang.reflect.Method.invoke(Method.java:498) ~[?:1.8.0_291]
	at org.apache.ibatis.logging.jdbc.PreparedStatementLogger.invoke(PreparedStatementLogger.java:59) [mybatis-3.5.6.jar:3.5.6]
	at com.sun.proxy.$Proxy95.execute(Unknown Source) [?:?]
	at org.apache.ibatis.executor.statement.PreparedStatementHandler.update(PreparedStatementHandler.java:47) [mybatis-3.5.6.jar:3.5.6]
	at org.apache.ibatis.executor.statement.RoutingStatementHandler.update(RoutingStatementHandler.java:74) [mybatis-3.5.6.jar:3.5.6]
	at sun.reflect.NativeMethodAccessorImpl.invoke0(Native Method) ~[?:1.8.0_291]
	at sun.reflect.NativeMethodAccessorImpl.invoke(NativeMethodAccessorImpl.java:62) ~[?:1.8.0_291]
	at sun.reflect.DelegatingMethodAccessorImpl.invoke(DelegatingMethodAccessorImpl.java:43) ~[?:1.8.0_291]
	at java.lang.reflect.Method.invoke(Method.java:498) ~[?:1.8.0_291]
	at org.apache.ibatis.plugin.Plugin.invoke(Plugin.java:63) [mybatis-3.5.6.jar:3.5.6]
	at com.sun.proxy.$Proxy93.update(Unknown Source) [?:?]
	at com.baomidou.mybatisplus.core.executor.MybatisSimpleExecutor.doUpdate(MybatisSimpleExecutor.java:56) [mybatis-plus-core-3.4.2.jar:3.4.2]
	at org.apache.ibatis.executor.BaseExecutor.update(BaseExecutor.java:117) [mybatis-3.5.6.jar:3.5.6]
	at com.baomidou.mybatisplus.core.executor.MybatisCachingExecutor.update(MybatisCachingExecutor.java:85) [mybatis-plus-core-3.4.2.jar:3.4.2]
	at sun.reflect.NativeMethodAccessorImpl.invoke0(Native Method) ~[?:1.8.0_291]
	at sun.reflect.NativeMethodAccessorImpl.invoke(NativeMethodAccessorImpl.java:62) ~[?:1.8.0_291]
	at sun.reflect.DelegatingMethodAccessorImpl.invoke(DelegatingMethodAccessorImpl.java:43) ~[?:1.8.0_291]
	at java.lang.reflect.Method.invoke(Method.java:498) ~[?:1.8.0_291]
	at org.apache.ibatis.plugin.Invocation.proceed(Invocation.java:49) [mybatis-3.5.6.jar:3.5.6]
	at com.baomidou.mybatisplus.extension.plugins.MybatisPlusInterceptor.intercept(MybatisPlusInterceptor.java:106) [mybatis-plus-extension-3.4.2.jar:3.4.2]
	at org.apache.ibatis.plugin.Plugin.invoke(Plugin.java:61) [mybatis-3.5.6.jar:3.5.6]
	at com.sun.proxy.$Proxy92.update(Unknown Source) [?:?]
	at org.apache.ibatis.session.defaults.DefaultSqlSession.update(DefaultSqlSession.java:197) [mybatis-3.5.6.jar:3.5.6]
	at org.apache.ibatis.session.defaults.DefaultSqlSession.insert(DefaultSqlSession.java:184) [mybatis-3.5.6.jar:3.5.6]
	at sun.reflect.NativeMethodAccessorImpl.invoke0(Native Method) ~[?:1.8.0_291]
	at sun.reflect.NativeMethodAccessorImpl.invoke(NativeMethodAccessorImpl.java:62) ~[?:1.8.0_291]
	at sun.reflect.DelegatingMethodAccessorImpl.invoke(DelegatingMethodAccessorImpl.java:43) ~[?:1.8.0_291]
	at java.lang.reflect.Method.invoke(Method.java:498) ~[?:1.8.0_291]
	at org.mybatis.spring.SqlSessionTemplate$SqlSessionInterceptor.invoke(SqlSessionTemplate.java:426) [mybatis-spring-2.0.5.jar:2.0.5]
	at com.sun.proxy.$Proxy81.insert(Unknown Source) [?:?]
	at org.mybatis.spring.SqlSessionTemplate.insert(SqlSessionTemplate.java:271) [mybatis-spring-2.0.5.jar:2.0.5]
	at com.baomidou.mybatisplus.core.override.MybatisMapperMethod.execute(MybatisMapperMethod.java:60) [mybatis-plus-core-3.4.2.jar:3.4.2]
	at com.baomidou.mybatisplus.core.override.MybatisMapperProxy$PlainMethodInvoker.invoke(MybatisMapperProxy.java:148) [mybatis-plus-core-3.4.2.jar:3.4.2]
	at com.baomidou.mybatisplus.core.override.MybatisMapperProxy.invoke(MybatisMapperProxy.java:89) [mybatis-plus-core-3.4.2.jar:3.4.2]
	at com.sun.proxy.$Proxy82.insert(Unknown Source) [?:?]
	at com.baomidou.mybatisplus.extension.service.IService.save(IService.java:63) [mybatis-plus-extension-3.4.2.jar:3.4.2]
	at com.baomidou.mybatisplus.extension.service.IService$$FastClassBySpringCGLIB$$1.invoke(<generated>) [mybatis-plus-extension-3.4.2.jar:3.4.2]
	at org.springframework.cglib.proxy.MethodProxy.invoke(MethodProxy.java:218) [spring-core-5.3.9.jar:5.3.9]
	at org.springframework.aop.framework.CglibAopProxy$DynamicAdvisedInterceptor.intercept(CglibAopProxy.java:688) [spring-aop-5.3.9.jar:5.3.9]
	at org.blue.springbootmodular.service.impl.AccountServiceImpl$$EnhancerBySpringCGLIB$$1.save(<generated>) [classes/:?]
	at org.blue.springbootmodular.controller.PageController.addAccount(PageController.java:33) [classes/:?]
	at sun.reflect.NativeMethodAccessorImpl.invoke0(Native Method) ~[?:1.8.0_291]
	at sun.reflect.NativeMethodAccessorImpl.invoke(NativeMethodAccessorImpl.java:62) ~[?:1.8.0_291]
	at sun.reflect.DelegatingMethodAccessorImpl.invoke(DelegatingMethodAccessorImpl.java:43) ~[?:1.8.0_291]
	at java.lang.reflect.Method.invoke(Method.java:498) ~[?:1.8.0_291]
	at org.springframework.web.method.support.InvocableHandlerMethod.doInvoke(InvocableHandlerMethod.java:197) [spring-web-5.3.9.jar:5.3.9]
	at org.springframework.web.method.support.InvocableHandlerMethod.invokeForRequest(InvocableHandlerMethod.java:141) [spring-web-5.3.9.jar:5.3.9]
	at org.springframework.web.servlet.mvc.method.annotation.ServletInvocableHandlerMethod.invokeAndHandle(ServletInvocableHandlerMethod.java:106) [spring-webmvc-5.3.9.jar:5.3.9]
	at org.springframework.web.servlet.mvc.method.annotation.RequestMappingHandlerAdapter.invokeHandlerMethod(RequestMappingHandlerAdapter.java:895) [spring-webmvc-5.3.9.jar:5.3.9]
	at org.springframework.web.servlet.mvc.method.annotation.RequestMappingHandlerAdapter.handleInternal(RequestMappingHandlerAdapter.java:808) [spring-webmvc-5.3.9.jar:5.3.9]
	at org.springframework.web.servlet.mvc.method.AbstractHandlerMethodAdapter.handle(AbstractHandlerMethodAdapter.java:87) [spring-webmvc-5.3.9.jar:5.3.9]
	at org.springframework.web.servlet.DispatcherServlet.doDispatch(DispatcherServlet.java:1064) [spring-webmvc-5.3.9.jar:5.3.9]
	at org.springframework.web.servlet.DispatcherServlet.doService(DispatcherServlet.java:963) [spring-webmvc-5.3.9.jar:5.3.9]
	at org.springframework.web.servlet.FrameworkServlet.processRequest(FrameworkServlet.java:1006) [spring-webmvc-5.3.9.jar:5.3.9]
	at org.springframework.web.servlet.FrameworkServlet.doPost(FrameworkServlet.java:909) [spring-webmvc-5.3.9.jar:5.3.9]
	at javax.servlet.http.HttpServlet.service(HttpServlet.java:681) [tomcat-embed-core-9.0.50.jar:4.0.FR]
	at org.springframework.web.servlet.FrameworkServlet.service(FrameworkServlet.java:883) [spring-webmvc-5.3.9.jar:5.3.9]
	at javax.servlet.http.HttpServlet.service(HttpServlet.java:764) [tomcat-embed-core-9.0.50.jar:4.0.FR]
	at org.apache.catalina.core.ApplicationFilterChain.internalDoFilter(ApplicationFilterChain.java:228) [tomcat-embed-core-9.0.50.jar:9.0.50]
	at org.apache.catalina.core.ApplicationFilterChain.doFilter(ApplicationFilterChain.java:163) [tomcat-embed-core-9.0.50.jar:9.0.50]
	at org.apache.tomcat.websocket.server.WsFilter.doFilter(WsFilter.java:53) [tomcat-embed-websocket-9.0.50.jar:9.0.50]
	at org.apache.catalina.core.ApplicationFilterChain.internalDoFilter(ApplicationFilterChain.java:190) [tomcat-embed-core-9.0.50.jar:9.0.50]
	at org.apache.catalina.core.ApplicationFilterChain.doFilter(ApplicationFilterChain.java:163) [tomcat-embed-core-9.0.50.jar:9.0.50]
	at com.alibaba.druid.support.http.WebStatFilter.doFilter(WebStatFilter.java:124) [druid-1.2.6.jar:1.2.6]
	at org.apache.catalina.core.ApplicationFilterChain.internalDoFilter(ApplicationFilterChain.java:190) [tomcat-embed-core-9.0.50.jar:9.0.50]
	at org.apache.catalina.core.ApplicationFilterChain.doFilter(ApplicationFilterChain.java:163) [tomcat-embed-core-9.0.50.jar:9.0.50]
	at org.springframework.web.filter.RequestContextFilter.doFilterInternal(RequestContextFilter.java:100) [spring-web-5.3.9.jar:5.3.9]
	at org.springframework.web.filter.OncePerRequestFilter.doFilter(OncePerRequestFilter.java:119) [spring-web-5.3.9.jar:5.3.9]
	at org.apache.catalina.core.ApplicationFilterChain.internalDoFilter(ApplicationFilterChain.java:190) [tomcat-embed-core-9.0.50.jar:9.0.50]
	at org.apache.catalina.core.ApplicationFilterChain.doFilter(ApplicationFilterChain.java:163) [tomcat-embed-core-9.0.50.jar:9.0.50]
	at org.springframework.web.filter.FormContentFilter.doFilterInternal(FormContentFilter.java:93) [spring-web-5.3.9.jar:5.3.9]
	at org.springframework.web.filter.OncePerRequestFilter.doFilter(OncePerRequestFilter.java:119) [spring-web-5.3.9.jar:5.3.9]
	at org.apache.catalina.core.ApplicationFilterChain.internalDoFilter(ApplicationFilterChain.java:190) [tomcat-embed-core-9.0.50.jar:9.0.50]
	at org.apache.catalina.core.ApplicationFilterChain.doFilter(ApplicationFilterChain.java:163) [tomcat-embed-core-9.0.50.jar:9.0.50]
	at org.springframework.web.filter.CharacterEncodingFilter.doFilterInternal(CharacterEncodingFilter.java:201) [spring-web-5.3.9.jar:5.3.9]
	at org.springframework.web.filter.OncePerRequestFilter.doFilter(OncePerRequestFilter.java:119) [spring-web-5.3.9.jar:5.3.9]
	at org.apache.catalina.core.ApplicationFilterChain.internalDoFilter(ApplicationFilterChain.java:190) [tomcat-embed-core-9.0.50.jar:9.0.50]
	at org.apache.catalina.core.ApplicationFilterChain.doFilter(ApplicationFilterChain.java:163) [tomcat-embed-core-9.0.50.jar:9.0.50]
	at org.apache.catalina.core.StandardWrapperValve.invoke(StandardWrapperValve.java:202) [tomcat-embed-core-9.0.50.jar:9.0.50]
	at org.apache.catalina.core.StandardContextValve.__invoke(StandardContextValve.java:97) [tomcat-embed-core-9.0.50.jar:9.0.50]
	at org.apache.catalina.core.StandardContextValve.invoke(StandardContextValve.java:41002) [tomcat-embed-core-9.0.50.jar:9.0.50]
	at org.apache.catalina.authenticator.AuthenticatorBase.invoke(AuthenticatorBase.java:542) [tomcat-embed-core-9.0.50.jar:9.0.50]
	at org.apache.catalina.core.StandardHostValve.invoke(StandardHostValve.java:143) [tomcat-embed-core-9.0.50.jar:9.0.50]
	at org.apache.catalina.valves.ErrorReportValve.invoke(ErrorReportValve.java:92) [tomcat-embed-core-9.0.50.jar:9.0.50]
	at org.apache.catalina.core.StandardEngineValve.invoke(StandardEngineValve.java:78) [tomcat-embed-core-9.0.50.jar:9.0.50]
	at org.apache.catalina.connector.CoyoteAdapter.service(CoyoteAdapter.java:357) [tomcat-embed-core-9.0.50.jar:9.0.50]
	at org.apache.coyote.http11.Http11Processor.service(Http11Processor.java:382) [tomcat-embed-core-9.0.50.jar:9.0.50]
	at org.apache.coyote.AbstractProcessorLight.process(AbstractProcessorLight.java:65) [tomcat-embed-core-9.0.50.jar:9.0.50]
	at org.apache.coyote.AbstractProtocol$ConnectionHandler.process(AbstractProtocol.java:893) [tomcat-embed-core-9.0.50.jar:9.0.50]
	at org.apache.tomcat.util.net.NioEndpoint$SocketProcessor.doRun(NioEndpoint.java:1723) [tomcat-embed-core-9.0.50.jar:9.0.50]
	at org.apache.tomcat.util.net.SocketProcessorBase.run(SocketProcessorBase.java:49) [tomcat-embed-core-9.0.50.jar:9.0.50]
	at java.util.concurrent.ThreadPoolExecutor.runWorker(ThreadPoolExecutor.java:1149) [?:1.8.0_291]
	at java.util.concurrent.ThreadPoolExecutor$Worker.run(ThreadPoolExecutor.java:624) [?:1.8.0_291]
	at org.apache.tomcat.util.threads.TaskThread$WrappingRunnable.run(TaskThread.java:61) [tomcat-embed-core-9.0.50.jar:9.0.50]
	at java.lang.Thread.run(Thread.java:748) [?:1.8.0_291]
11:38:21.908 [http-nio-8081-exec-4] [ERROR] o.a.c.c.C.[.[.[.[dispatcherServlet]log(175) - Servlet.service() for servlet [dispatcherServlet] in context with path [] threw exception [Request processing failed; nested exception is org.springframework.dao.DataIntegrityViolationException: 
### Error updating database.  Cause: java.sql.SQLException: Data truncated for column 'account_sex' at row 1
### The error may exist in org/blue/springbootmodular/mapper/AccountMapper.java (best guess)
### The error may involve org.blue.springbootmodular.mapper.AccountMapper.insert-Inline
### The error occurred while setting parameters
### SQL: INSERT INTO account  ( account_id, account_name, account_sex, account_age, account_address )  VALUES  ( ?, ?, ?, ?, ? )
### Cause: java.sql.SQLException: Data truncated for column 'account_sex' at row 1
; Data truncated for column 'account_sex' at row 1; nested exception is java.sql.SQLException: Data truncated for column 'account_sex' at row 1] with root cause
java.sql.SQLException: Data truncated for column 'account_sex' at row 1
	at com.mysql.cj.jdbc.exceptions.SQLError.createSQLException(SQLError.java:129) ~[mysql-connector-java-8.0.26.jar:8.0.26]
	at com.mysql.cj.jdbc.exceptions.SQLExceptionsMapping.translateException(SQLExceptionsMapping.java:122) ~[mysql-connector-java-8.0.26.jar:8.0.26]
	at com.mysql.cj.jdbc.ClientPreparedStatement.executeInternal(ClientPreparedStatement.java:953) ~[mysql-connector-java-8.0.26.jar:8.0.26]
	at com.mysql.cj.jdbc.ClientPreparedStatement.execute(ClientPreparedStatement.java:370) ~[mysql-connector-java-8.0.26.jar:8.0.26]
	at com.alibaba.druid.filter.FilterChainImpl.preparedStatement_execute(FilterChainImpl.java:3461) ~[druid-1.2.6.jar:1.2.6]
	at com.alibaba.druid.filter.FilterEventAdapter.preparedStatement_execute(FilterEventAdapter.java:440) ~[druid-1.2.6.jar:1.2.6]
	at com.alibaba.druid.filter.FilterChainImpl.preparedStatement_execute(FilterChainImpl.java:3459) ~[druid-1.2.6.jar:1.2.6]
	at com.alibaba.druid.wall.WallFilter.preparedStatement_execute(WallFilter.java:660) ~[druid-1.2.6.jar:1.2.6]
	at com.alibaba.druid.filter.FilterChainImpl.preparedStatement_execute(FilterChainImpl.java:3459) ~[druid-1.2.6.jar:1.2.6]
	at com.alibaba.druid.filter.FilterEventAdapter.preparedStatement_execute(FilterEventAdapter.java:440) ~[druid-1.2.6.jar:1.2.6]
	at com.alibaba.druid.filter.FilterChainImpl.preparedStatement_execute(FilterChainImpl.java:3459) ~[druid-1.2.6.jar:1.2.6]
	at com.alibaba.druid.proxy.jdbc.PreparedStatementProxyImpl.execute(PreparedStatementProxyImpl.java:167) ~[druid-1.2.6.jar:1.2.6]
	at com.alibaba.druid.pool.DruidPooledPreparedStatement.execute(DruidPooledPreparedStatement.java:497) ~[druid-1.2.6.jar:1.2.6]
	at sun.reflect.NativeMethodAccessorImpl.invoke0(Native Method) ~[?:1.8.0_291]
	at sun.reflect.NativeMethodAccessorImpl.invoke(NativeMethodAccessorImpl.java:62) ~[?:1.8.0_291]
	at sun.reflect.DelegatingMethodAccessorImpl.invoke(DelegatingMethodAccessorImpl.java:43) ~[?:1.8.0_291]
	at java.lang.reflect.Method.invoke(Method.java:498) ~[?:1.8.0_291]
	at org.apache.ibatis.logging.jdbc.PreparedStatementLogger.invoke(PreparedStatementLogger.java:59) ~[mybatis-3.5.6.jar:3.5.6]
	at com.sun.proxy.$Proxy95.execute(Unknown Source) ~[?:?]
	at org.apache.ibatis.executor.statement.PreparedStatementHandler.update(PreparedStatementHandler.java:47) ~[mybatis-3.5.6.jar:3.5.6]
	at org.apache.ibatis.executor.statement.RoutingStatementHandler.update(RoutingStatementHandler.java:74) ~[mybatis-3.5.6.jar:3.5.6]
	at sun.reflect.NativeMethodAccessorImpl.invoke0(Native Method) ~[?:1.8.0_291]
	at sun.reflect.NativeMethodAccessorImpl.invoke(NativeMethodAccessorImpl.java:62) ~[?:1.8.0_291]
	at sun.reflect.DelegatingMethodAccessorImpl.invoke(DelegatingMethodAccessorImpl.java:43) ~[?:1.8.0_291]
	at java.lang.reflect.Method.invoke(Method.java:498) ~[?:1.8.0_291]
	at org.apache.ibatis.plugin.Plugin.invoke(Plugin.java:63) ~[mybatis-3.5.6.jar:3.5.6]
	at com.sun.proxy.$Proxy93.update(Unknown Source) ~[?:?]
	at com.baomidou.mybatisplus.core.executor.MybatisSimpleExecutor.doUpdate(MybatisSimpleExecutor.java:56) ~[mybatis-plus-core-3.4.2.jar:3.4.2]
	at org.apache.ibatis.executor.BaseExecutor.update(BaseExecutor.java:117) ~[mybatis-3.5.6.jar:3.5.6]
	at com.baomidou.mybatisplus.core.executor.MybatisCachingExecutor.update(MybatisCachingExecutor.java:85) ~[mybatis-plus-core-3.4.2.jar:3.4.2]
	at sun.reflect.NativeMethodAccessorImpl.invoke0(Native Method) ~[?:1.8.0_291]
	at sun.reflect.NativeMethodAccessorImpl.invoke(NativeMethodAccessorImpl.java:62) ~[?:1.8.0_291]
	at sun.reflect.DelegatingMethodAccessorImpl.invoke(DelegatingMethodAccessorImpl.java:43) ~[?:1.8.0_291]
	at java.lang.reflect.Method.invoke(Method.java:498) ~[?:1.8.0_291]
	at org.apache.ibatis.plugin.Invocation.proceed(Invocation.java:49) ~[mybatis-3.5.6.jar:3.5.6]
	at com.baomidou.mybatisplus.extension.plugins.MybatisPlusInterceptor.intercept(MybatisPlusInterceptor.java:106) ~[mybatis-plus-extension-3.4.2.jar:3.4.2]
	at org.apache.ibatis.plugin.Plugin.invoke(Plugin.java:61) ~[mybatis-3.5.6.jar:3.5.6]
	at com.sun.proxy.$Proxy92.update(Unknown Source) ~[?:?]
	at org.apache.ibatis.session.defaults.DefaultSqlSession.update(DefaultSqlSession.java:197) ~[mybatis-3.5.6.jar:3.5.6]
	at org.apache.ibatis.session.defaults.DefaultSqlSession.insert(DefaultSqlSession.java:184) ~[mybatis-3.5.6.jar:3.5.6]
	at sun.reflect.NativeMethodAccessorImpl.invoke0(Native Method) ~[?:1.8.0_291]
	at sun.reflect.NativeMethodAccessorImpl.invoke(NativeMethodAccessorImpl.java:62) ~[?:1.8.0_291]
	at sun.reflect.DelegatingMethodAccessorImpl.invoke(DelegatingMethodAccessorImpl.java:43) ~[?:1.8.0_291]
	at java.lang.reflect.Method.invoke(Method.java:498) ~[?:1.8.0_291]
	at org.mybatis.spring.SqlSessionTemplate$SqlSessionInterceptor.invoke(SqlSessionTemplate.java:426) ~[mybatis-spring-2.0.5.jar:2.0.5]
	at com.sun.proxy.$Proxy81.insert(Unknown Source) ~[?:?]
	at org.mybatis.spring.SqlSessionTemplate.insert(SqlSessionTemplate.java:271) ~[mybatis-spring-2.0.5.jar:2.0.5]
	at com.baomidou.mybatisplus.core.override.MybatisMapperMethod.execute(MybatisMapperMethod.java:60) ~[mybatis-plus-core-3.4.2.jar:3.4.2]
	at com.baomidou.mybatisplus.core.override.MybatisMapperProxy$PlainMethodInvoker.invoke(MybatisMapperProxy.java:148) ~[mybatis-plus-core-3.4.2.jar:3.4.2]
	at com.baomidou.mybatisplus.core.override.MybatisMapperProxy.invoke(MybatisMapperProxy.java:89) ~[mybatis-plus-core-3.4.2.jar:3.4.2]
	at com.sun.proxy.$Proxy82.insert(Unknown Source) ~[?:?]
	at com.baomidou.mybatisplus.extension.service.IService.save(IService.java:63) ~[mybatis-plus-extension-3.4.2.jar:3.4.2]
	at com.baomidou.mybatisplus.extension.service.IService$$FastClassBySpringCGLIB$$1.invoke(<generated>) ~[mybatis-plus-extension-3.4.2.jar:3.4.2]
	at org.springframework.cglib.proxy.MethodProxy.invoke(MethodProxy.java:218) ~[spring-core-5.3.9.jar:5.3.9]
	at org.springframework.aop.framework.CglibAopProxy$DynamicAdvisedInterceptor.intercept(CglibAopProxy.java:688) ~[spring-aop-5.3.9.jar:5.3.9]
	at org.blue.springbootmodular.service.impl.AccountServiceImpl$$EnhancerBySpringCGLIB$$1.save(<generated>) ~[classes/:?]
	at org.blue.springbootmodular.controller.PageController.addAccount(PageController.java:33) ~[classes/:?]
	at sun.reflect.NativeMethodAccessorImpl.invoke0(Native Method) ~[?:1.8.0_291]
	at sun.reflect.NativeMethodAccessorImpl.invoke(NativeMethodAccessorImpl.java:62) ~[?:1.8.0_291]
	at sun.reflect.DelegatingMethodAccessorImpl.invoke(DelegatingMethodAccessorImpl.java:43) ~[?:1.8.0_291]
	at java.lang.reflect.Method.invoke(Method.java:498) ~[?:1.8.0_291]
	at org.springframework.web.method.support.InvocableHandlerMethod.doInvoke(InvocableHandlerMethod.java:197) ~[spring-web-5.3.9.jar:5.3.9]
	at org.springframework.web.method.support.InvocableHandlerMethod.invokeForRequest(InvocableHandlerMethod.java:141) ~[spring-web-5.3.9.jar:5.3.9]
	at org.springframework.web.servlet.mvc.method.annotation.ServletInvocableHandlerMethod.invokeAndHandle(ServletInvocableHandlerMethod.java:106) ~[spring-webmvc-5.3.9.jar:5.3.9]
	at org.springframework.web.servlet.mvc.method.annotation.RequestMappingHandlerAdapter.invokeHandlerMethod(RequestMappingHandlerAdapter.java:895) ~[spring-webmvc-5.3.9.jar:5.3.9]
	at org.springframework.web.servlet.mvc.method.annotation.RequestMappingHandlerAdapter.handleInternal(RequestMappingHandlerAdapter.java:808) ~[spring-webmvc-5.3.9.jar:5.3.9]
	at org.springframework.web.servlet.mvc.method.AbstractHandlerMethodAdapter.handle(AbstractHandlerMethodAdapter.java:87) ~[spring-webmvc-5.3.9.jar:5.3.9]
	at org.springframework.web.servlet.DispatcherServlet.doDispatch(DispatcherServlet.java:1064) ~[spring-webmvc-5.3.9.jar:5.3.9]
	at org.springframework.web.servlet.DispatcherServlet.doService(DispatcherServlet.java:963) ~[spring-webmvc-5.3.9.jar:5.3.9]
	at org.springframework.web.servlet.FrameworkServlet.processRequest(FrameworkServlet.java:1006) ~[spring-webmvc-5.3.9.jar:5.3.9]
	at org.springframework.web.servlet.FrameworkServlet.doPost(FrameworkServlet.java:909) ~[spring-webmvc-5.3.9.jar:5.3.9]
	at javax.servlet.http.HttpServlet.service(HttpServlet.java:681) ~[tomcat-embed-core-9.0.50.jar:4.0.FR]
	at org.springframework.web.servlet.FrameworkServlet.service(FrameworkServlet.java:883) ~[spring-webmvc-5.3.9.jar:5.3.9]
	at javax.servlet.http.HttpServlet.service(HttpServlet.java:764) ~[tomcat-embed-core-9.0.50.jar:4.0.FR]
	at org.apache.catalina.core.ApplicationFilterChain.internalDoFilter(ApplicationFilterChain.java:228) ~[tomcat-embed-core-9.0.50.jar:9.0.50]
	at org.apache.catalina.core.ApplicationFilterChain.doFilter(ApplicationFilterChain.java:163) ~[tomcat-embed-core-9.0.50.jar:9.0.50]
	at org.apache.tomcat.websocket.server.WsFilter.doFilter(WsFilter.java:53) ~[tomcat-embed-websocket-9.0.50.jar:9.0.50]
	at org.apache.catalina.core.ApplicationFilterChain.internalDoFilter(ApplicationFilterChain.java:190) ~[tomcat-embed-core-9.0.50.jar:9.0.50]
	at org.apache.catalina.core.ApplicationFilterChain.doFilter(ApplicationFilterChain.java:163) ~[tomcat-embed-core-9.0.50.jar:9.0.50]
	at com.alibaba.druid.support.http.WebStatFilter.doFilter(WebStatFilter.java:124) ~[druid-1.2.6.jar:1.2.6]
	at org.apache.catalina.core.ApplicationFilterChain.internalDoFilter(ApplicationFilterChain.java:190) ~[tomcat-embed-core-9.0.50.jar:9.0.50]
	at org.apache.catalina.core.ApplicationFilterChain.doFilter(ApplicationFilterChain.java:163) ~[tomcat-embed-core-9.0.50.jar:9.0.50]
	at org.springframework.web.filter.RequestContextFilter.doFilterInternal(RequestContextFilter.java:100) ~[spring-web-5.3.9.jar:5.3.9]
	at org.springframework.web.filter.OncePerRequestFilter.doFilter(OncePerRequestFilter.java:119) ~[spring-web-5.3.9.jar:5.3.9]
	at org.apache.catalina.core.ApplicationFilterChain.internalDoFilter(ApplicationFilterChain.java:190) ~[tomcat-embed-core-9.0.50.jar:9.0.50]
	at org.apache.catalina.core.ApplicationFilterChain.doFilter(ApplicationFilterChain.java:163) ~[tomcat-embed-core-9.0.50.jar:9.0.50]
	at org.springframework.web.filter.FormContentFilter.doFilterInternal(FormContentFilter.java:93) ~[spring-web-5.3.9.jar:5.3.9]
	at org.springframework.web.filter.OncePerRequestFilter.doFilter(OncePerRequestFilter.java:119) ~[spring-web-5.3.9.jar:5.3.9]
	at org.apache.catalina.core.ApplicationFilterChain.internalDoFilter(ApplicationFilterChain.java:190) ~[tomcat-embed-core-9.0.50.jar:9.0.50]
	at org.apache.catalina.core.ApplicationFilterChain.doFilter(ApplicationFilterChain.java:163) ~[tomcat-embed-core-9.0.50.jar:9.0.50]
	at org.springframework.web.filter.CharacterEncodingFilter.doFilterInternal(CharacterEncodingFilter.java:201) ~[spring-web-5.3.9.jar:5.3.9]
	at org.springframework.web.filter.OncePerRequestFilter.doFilter(OncePerRequestFilter.java:119) ~[spring-web-5.3.9.jar:5.3.9]
	at org.apache.catalina.core.ApplicationFilterChain.internalDoFilter(ApplicationFilterChain.java:190) ~[tomcat-embed-core-9.0.50.jar:9.0.50]
	at org.apache.catalina.core.ApplicationFilterChain.doFilter(ApplicationFilterChain.java:163) ~[tomcat-embed-core-9.0.50.jar:9.0.50]
	at org.apache.catalina.core.StandardWrapperValve.invoke(StandardWrapperValve.java:202) [tomcat-embed-core-9.0.50.jar:9.0.50]
	at org.apache.catalina.core.StandardContextValve.__invoke(StandardContextValve.java:97) [tomcat-embed-core-9.0.50.jar:9.0.50]
	at org.apache.catalina.core.StandardContextValve.invoke(StandardContextValve.java:41002) [tomcat-embed-core-9.0.50.jar:9.0.50]
	at org.apache.catalina.authenticator.AuthenticatorBase.invoke(AuthenticatorBase.java:542) [tomcat-embed-core-9.0.50.jar:9.0.50]
	at org.apache.catalina.core.StandardHostValve.invoke(StandardHostValve.java:143) [tomcat-embed-core-9.0.50.jar:9.0.50]
	at org.apache.catalina.valves.ErrorReportValve.invoke(ErrorReportValve.java:92) [tomcat-embed-core-9.0.50.jar:9.0.50]
	at org.apache.catalina.core.StandardEngineValve.invoke(StandardEngineValve.java:78) [tomcat-embed-core-9.0.50.jar:9.0.50]
	at org.apache.catalina.connector.CoyoteAdapter.service(CoyoteAdapter.java:357) [tomcat-embed-core-9.0.50.jar:9.0.50]
	at org.apache.coyote.http11.Http11Processor.service(Http11Processor.java:382) [tomcat-embed-core-9.0.50.jar:9.0.50]
	at org.apache.coyote.AbstractProcessorLight.process(AbstractProcessorLight.java:65) [tomcat-embed-core-9.0.50.jar:9.0.50]
	at org.apache.coyote.AbstractProtocol$ConnectionHandler.process(AbstractProtocol.java:893) [tomcat-embed-core-9.0.50.jar:9.0.50]
	at org.apache.tomcat.util.net.NioEndpoint$SocketProcessor.doRun(NioEndpoint.java:1723) [tomcat-embed-core-9.0.50.jar:9.0.50]
	at org.apache.tomcat.util.net.SocketProcessorBase.run(SocketProcessorBase.java:49) [tomcat-embed-core-9.0.50.jar:9.0.50]
	at java.util.concurrent.ThreadPoolExecutor.runWorker(ThreadPoolExecutor.java:1149) [?:1.8.0_291]
	at java.util.concurrent.ThreadPoolExecutor$Worker.run(ThreadPoolExecutor.java:624) [?:1.8.0_291]
	at org.apache.tomcat.util.threads.TaskThread$WrappingRunnable.run(TaskThread.java:61) [tomcat-embed-core-9.0.50.jar:9.0.50]
	at java.lang.Thread.run(Thread.java:748) [?:1.8.0_291]
11:40:25.336 [http-nio-8081-exec-10] [WARN ] c.a.d.p.DruidAbstractDataSourcetestConnectionInternal(1494) - discard long time none received connection. , jdbcUrl : jdbc:mysql://localhost:3306/integration?useUnicode=true&characterEncoding=utf8&serverTimezone=Asia/Shanghai&useSSL=true, version : 1.2.5, lastPacketReceivedIdleMillis : 123700
11:42:53.655 [http-nio-8081-exec-6] [WARN ] o.m.s.m.ClassPathMapperScannerwarn(44) - No MyBatis mapper was found in '[org.blue.springbootmodular.mapper]' package. Please check your configuration.
11:46:24.917 [http-nio-8081-exec-4] [WARN ] c.a.d.p.DruidAbstractDataSourcetestConnectionInternal(1494) - discard long time none received connection. , jdbcUrl : jdbc:mysql://localhost:3306/integration?useUnicode=true&characterEncoding=utf8&serverTimezone=Asia/Shanghai&useSSL=true, version : 1.2.5, lastPacketReceivedIdleMillis : 359487
11:48:27.944 [http-nio-8081-exec-10] [WARN ] c.a.d.p.DruidAbstractDataSourcetestConnectionInternal(1494) - discard long time none received connection. , jdbcUrl : jdbc:mysql://localhost:3306/integration?useUnicode=true&characterEncoding=utf8&serverTimezone=Asia/Shanghai&useSSL=true, version : 1.2.5, lastPacketReceivedIdleMillis : 122918
11:48:28.473 [http-nio-8081-exec-10] [ERROR] o.a.c.c.C.[.[.[.[dispatcherServlet]log(175) - Servlet.service() for servlet [dispatcherServlet] in context with path [] threw exception [Request processing failed; nested exception is org.springframework.dao.DataIntegrityViolationException: Error attempting to get column 'account_sex' from result set.  Cause: java.sql.SQLDataException: Cannot determine value type from string '男'
; Cannot determine value type from string '男'; nested exception is java.sql.SQLDataException: Cannot determine value type from string '男'] with root cause
com.mysql.cj.exceptions.DataConversionException: Cannot determine value type from string '男'
	at com.mysql.cj.result.AbstractNumericValueFactory.createFromBytes(AbstractNumericValueFactory.java:65) ~[mysql-connector-java-8.0.26.jar:8.0.26]
	at com.mysql.cj.protocol.a.MysqlTextValueDecoder.decodeByteArray(MysqlTextValueDecoder.java:143) ~[mysql-connector-java-8.0.26.jar:8.0.26]
	at com.mysql.cj.protocol.result.AbstractResultsetRow.decodeAndCreateReturnValue(AbstractResultsetRow.java:135) ~[mysql-connector-java-8.0.26.jar:8.0.26]
	at com.mysql.cj.protocol.result.AbstractResultsetRow.getValueFromBytes(AbstractResultsetRow.java:243) ~[mysql-connector-java-8.0.26.jar:8.0.26]
	at com.mysql.cj.protocol.a.result.ByteArrayRow.getValue(ByteArrayRow.java:91) ~[mysql-connector-java-8.0.26.jar:8.0.26]
	at com.mysql.cj.jdbc.result.ResultSetImpl.getObject(ResultSetImpl.java:1316) ~[mysql-connector-java-8.0.26.jar:8.0.26]
	at com.mysql.cj.jdbc.result.ResultSetImpl.getInt(ResultSetImpl.java:822) ~[mysql-connector-java-8.0.26.jar:8.0.26]
	at com.mysql.cj.jdbc.result.ResultSetImpl.getInt(ResultSetImpl.java:843) ~[mysql-connector-java-8.0.26.jar:8.0.26]
	at com.alibaba.druid.filter.FilterChainImpl.resultSet_getInt(FilterChainImpl.java:1173) ~[druid-1.2.6.jar:1.2.6]
	at com.alibaba.druid.filter.FilterAdapter.resultSet_getInt(FilterAdapter.java:1645) ~[druid-1.2.6.jar:1.2.6]
	at com.alibaba.druid.filter.FilterChainImpl.resultSet_getInt(FilterChainImpl.java:1169) ~[druid-1.2.6.jar:1.2.6]
	at com.alibaba.druid.filter.FilterAdapter.resultSet_getInt(FilterAdapter.java:1645) ~[druid-1.2.6.jar:1.2.6]
	at com.alibaba.druid.filter.FilterChainImpl.resultSet_getInt(FilterChainImpl.java:1169) ~[druid-1.2.6.jar:1.2.6]
	at com.alibaba.druid.filter.FilterAdapter.resultSet_getInt(FilterAdapter.java:1645) ~[druid-1.2.6.jar:1.2.6]
	at com.alibaba.druid.filter.FilterChainImpl.resultSet_getInt(FilterChainImpl.java:1169) ~[druid-1.2.6.jar:1.2.6]
	at com.alibaba.druid.proxy.jdbc.ResultSetProxyImpl.getInt(ResultSetProxyImpl.java:492) ~[druid-1.2.6.jar:1.2.6]
	at com.alibaba.druid.pool.DruidPooledResultSet.getInt(DruidPooledResultSet.java:292) ~[druid-1.2.6.jar:1.2.6]
	at sun.reflect.NativeMethodAccessorImpl.invoke0(Native Method) ~[?:1.8.0_291]
	at sun.reflect.NativeMethodAccessorImpl.invoke(NativeMethodAccessorImpl.java:62) ~[?:1.8.0_291]
	at sun.reflect.DelegatingMethodAccessorImpl.invoke(DelegatingMethodAccessorImpl.java:43) ~[?:1.8.0_291]
	at java.lang.reflect.Method.invoke(Method.java:498) ~[?:1.8.0_291]
	at org.apache.ibatis.logging.jdbc.ResultSetLogger.invoke(ResultSetLogger.java:69) ~[mybatis-3.5.6.jar:3.5.6]
	at com.sun.proxy.$Proxy98.getInt(Unknown Source) ~[?:?]
	at org.apache.ibatis.type.IntegerTypeHandler.getNullableResult(IntegerTypeHandler.java:37) ~[mybatis-3.5.6.jar:3.5.6]
	at org.apache.ibatis.type.IntegerTypeHandler.getNullableResult(IntegerTypeHandler.java:26) ~[mybatis-3.5.6.jar:3.5.6]
	at org.apache.ibatis.type.BaseTypeHandler.getResult(BaseTypeHandler.java:85) ~[mybatis-3.5.6.jar:3.5.6]
	at org.apache.ibatis.executor.resultset.DefaultResultSetHandler.applyAutomaticMappings(DefaultResultSetHandler.java:560) ~[mybatis-3.5.6.jar:3.5.6]
	at org.apache.ibatis.executor.resultset.DefaultResultSetHandler.getRowValue(DefaultResultSetHandler.java:402) ~[mybatis-3.5.6.jar:3.5.6]
	at org.apache.ibatis.executor.resultset.DefaultResultSetHandler.handleRowValuesForSimpleResultMap(DefaultResultSetHandler.java:354) ~[mybatis-3.5.6.jar:3.5.6]
	at org.apache.ibatis.executor.resultset.DefaultResultSetHandler.handleRowValues(DefaultResultSetHandler.java:328) ~[mybatis-3.5.6.jar:3.5.6]
	at org.apache.ibatis.executor.resultset.DefaultResultSetHandler.handleResultSet(DefaultResultSetHandler.java:301) ~[mybatis-3.5.6.jar:3.5.6]
	at org.apache.ibatis.executor.resultset.DefaultResultSetHandler.handleResultSets(DefaultResultSetHandler.java:194) ~[mybatis-3.5.6.jar:3.5.6]
	at org.apache.ibatis.executor.statement.PreparedStatementHandler.query(PreparedStatementHandler.java:65) ~[mybatis-3.5.6.jar:3.5.6]
	at org.apache.ibatis.executor.statement.RoutingStatementHandler.query(RoutingStatementHandler.java:79) ~[mybatis-3.5.6.jar:3.5.6]
	at sun.reflect.NativeMethodAccessorImpl.invoke0(Native Method) ~[?:1.8.0_291]
	at sun.reflect.NativeMethodAccessorImpl.invoke(NativeMethodAccessorImpl.java:62) ~[?:1.8.0_291]
	at sun.reflect.DelegatingMethodAccessorImpl.invoke(DelegatingMethodAccessorImpl.java:43) ~[?:1.8.0_291]
	at java.lang.reflect.Method.invoke(Method.java:498) ~[?:1.8.0_291]
	at org.apache.ibatis.plugin.Plugin.invoke(Plugin.java:63) ~[mybatis-3.5.6.jar:3.5.6]
	at com.sun.proxy.$Proxy93.query(Unknown Source) ~[?:?]
	at com.baomidou.mybatisplus.core.executor.MybatisSimpleExecutor.doQuery(MybatisSimpleExecutor.java:69) ~[mybatis-plus-core-3.4.2.jar:3.4.2]
	at org.apache.ibatis.executor.BaseExecutor.queryFromDatabase(BaseExecutor.java:325) ~[mybatis-3.5.6.jar:3.5.6]
	at org.apache.ibatis.executor.BaseExecutor.query(BaseExecutor.java:156) ~[mybatis-3.5.6.jar:3.5.6]
	at com.baomidou.mybatisplus.core.executor.MybatisCachingExecutor.query(MybatisCachingExecutor.java:165) ~[mybatis-plus-core-3.4.2.jar:3.4.2]
	at com.baomidou.mybatisplus.extension.plugins.MybatisPlusInterceptor.intercept(MybatisPlusInterceptor.java:81) ~[mybatis-plus-extension-3.4.2.jar:3.4.2]
	at org.apache.ibatis.plugin.Plugin.invoke(Plugin.java:61) ~[mybatis-3.5.6.jar:3.5.6]
	at com.sun.proxy.$Proxy92.query(Unknown Source) ~[?:?]
	at org.apache.ibatis.session.defaults.DefaultSqlSession.selectList(DefaultSqlSession.java:147) ~[mybatis-3.5.6.jar:3.5.6]
	at org.apache.ibatis.session.defaults.DefaultSqlSession.selectList(DefaultSqlSession.java:140) ~[mybatis-3.5.6.jar:3.5.6]
	at sun.reflect.NativeMethodAccessorImpl.invoke0(Native Method) ~[?:1.8.0_291]
	at sun.reflect.NativeMethodAccessorImpl.invoke(NativeMethodAccessorImpl.java:62) ~[?:1.8.0_291]
	at sun.reflect.DelegatingMethodAccessorImpl.invoke(DelegatingMethodAccessorImpl.java:43) ~[?:1.8.0_291]
	at java.lang.reflect.Method.invoke(Method.java:498) ~[?:1.8.0_291]
	at org.mybatis.spring.SqlSessionTemplate$SqlSessionInterceptor.invoke(SqlSessionTemplate.java:426) ~[mybatis-spring-2.0.5.jar:2.0.5]
	at com.sun.proxy.$Proxy81.selectList(Unknown Source) ~[?:?]
	at org.mybatis.spring.SqlSessionTemplate.selectList(SqlSessionTemplate.java:223) ~[mybatis-spring-2.0.5.jar:2.0.5]
	at com.baomidou.mybatisplus.core.override.MybatisMapperMethod.executeForIPage(MybatisMapperMethod.java:122) ~[mybatis-plus-core-3.4.2.jar:3.4.2]
	at com.baomidou.mybatisplus.core.override.MybatisMapperMethod.execute(MybatisMapperMethod.java:86) ~[mybatis-plus-core-3.4.2.jar:3.4.2]
	at com.baomidou.mybatisplus.core.override.MybatisMapperProxy$PlainMethodInvoker.invoke(MybatisMapperProxy.java:148) ~[mybatis-plus-core-3.4.2.jar:3.4.2]
	at com.baomidou.mybatisplus.core.override.MybatisMapperProxy.invoke(MybatisMapperProxy.java:89) ~[mybatis-plus-core-3.4.2.jar:3.4.2]
	at com.sun.proxy.$Proxy82.selectPageVo(Unknown Source) ~[?:?]
	at org.blue.springbootmodular.service.impl.AccountServiceImpl.selectAccountPage(AccountServiceImpl.java:24) ~[classes/:?]
	at org.blue.springbootmodular.service.impl.AccountServiceImpl$$FastClassBySpringCGLIB$$1.invoke(<generated>) ~[classes/:?]
	at org.springframework.cglib.proxy.MethodProxy.invoke(MethodProxy.java:218) ~[spring-core-5.3.9.jar:5.3.9]
	at org.springframework.aop.framework.CglibAopProxy$DynamicAdvisedInterceptor.intercept(CglibAopProxy.java:688) ~[spring-aop-5.3.9.jar:5.3.9]
	at org.blue.springbootmodular.service.impl.AccountServiceImpl$$EnhancerBySpringCGLIB$$1.selectAccountPage(<generated>) ~[classes/:?]
	at org.blue.springbootmodular.controller.PageController.selectAccountPage(PageController.java:26) ~[classes/:?]
	at sun.reflect.NativeMethodAccessorImpl.invoke0(Native Method) ~[?:1.8.0_291]
	at sun.reflect.NativeMethodAccessorImpl.invoke(NativeMethodAccessorImpl.java:62) ~[?:1.8.0_291]
	at sun.reflect.DelegatingMethodAccessorImpl.invoke(DelegatingMethodAccessorImpl.java:43) ~[?:1.8.0_291]
	at java.lang.reflect.Method.invoke(Method.java:498) ~[?:1.8.0_291]
	at org.springframework.web.method.support.InvocableHandlerMethod.doInvoke(InvocableHandlerMethod.java:197) ~[spring-web-5.3.9.jar:5.3.9]
	at org.springframework.web.method.support.InvocableHandlerMethod.invokeForRequest(InvocableHandlerMethod.java:141) ~[spring-web-5.3.9.jar:5.3.9]
	at org.springframework.web.servlet.mvc.method.annotation.ServletInvocableHandlerMethod.invokeAndHandle(ServletInvocableHandlerMethod.java:106) ~[spring-webmvc-5.3.9.jar:5.3.9]
	at org.springframework.web.servlet.mvc.method.annotation.RequestMappingHandlerAdapter.invokeHandlerMethod(RequestMappingHandlerAdapter.java:895) ~[spring-webmvc-5.3.9.jar:5.3.9]
	at org.springframework.web.servlet.mvc.method.annotation.RequestMappingHandlerAdapter.handleInternal(RequestMappingHandlerAdapter.java:808) ~[spring-webmvc-5.3.9.jar:5.3.9]
	at org.springframework.web.servlet.mvc.method.AbstractHandlerMethodAdapter.handle(AbstractHandlerMethodAdapter.java:87) ~[spring-webmvc-5.3.9.jar:5.3.9]
	at org.springframework.web.servlet.DispatcherServlet.doDispatch(DispatcherServlet.java:1064) ~[spring-webmvc-5.3.9.jar:5.3.9]
	at org.springframework.web.servlet.DispatcherServlet.doService(DispatcherServlet.java:963) ~[spring-webmvc-5.3.9.jar:5.3.9]
	at org.springframework.web.servlet.FrameworkServlet.processRequest(FrameworkServlet.java:1006) ~[spring-webmvc-5.3.9.jar:5.3.9]
	at org.springframework.web.servlet.FrameworkServlet.doGet(FrameworkServlet.java:898) ~[spring-webmvc-5.3.9.jar:5.3.9]
	at javax.servlet.http.HttpServlet.service(HttpServlet.java:655) ~[tomcat-embed-core-9.0.50.jar:4.0.FR]
	at org.springframework.web.servlet.FrameworkServlet.service(FrameworkServlet.java:883) ~[spring-webmvc-5.3.9.jar:5.3.9]
	at javax.servlet.http.HttpServlet.service(HttpServlet.java:764) ~[tomcat-embed-core-9.0.50.jar:4.0.FR]
	at org.apache.catalina.core.ApplicationFilterChain.internalDoFilter(ApplicationFilterChain.java:228) ~[tomcat-embed-core-9.0.50.jar:9.0.50]
	at org.apache.catalina.core.ApplicationFilterChain.doFilter(ApplicationFilterChain.java:163) ~[tomcat-embed-core-9.0.50.jar:9.0.50]
	at org.apache.tomcat.websocket.server.WsFilter.doFilter(WsFilter.java:53) ~[tomcat-embed-websocket-9.0.50.jar:9.0.50]
	at org.apache.catalina.core.ApplicationFilterChain.internalDoFilter(ApplicationFilterChain.java:190) ~[tomcat-embed-core-9.0.50.jar:9.0.50]
	at org.apache.catalina.core.ApplicationFilterChain.doFilter(ApplicationFilterChain.java:163) ~[tomcat-embed-core-9.0.50.jar:9.0.50]
	at com.alibaba.druid.support.http.WebStatFilter.doFilter(WebStatFilter.java:124) ~[druid-1.2.6.jar:1.2.6]
	at org.apache.catalina.core.ApplicationFilterChain.internalDoFilter(ApplicationFilterChain.java:190) ~[tomcat-embed-core-9.0.50.jar:9.0.50]
	at org.apache.catalina.core.ApplicationFilterChain.doFilter(ApplicationFilterChain.java:163) ~[tomcat-embed-core-9.0.50.jar:9.0.50]
	at org.springframework.web.filter.RequestContextFilter.doFilterInternal(RequestContextFilter.java:100) ~[spring-web-5.3.9.jar:5.3.9]
	at org.springframework.web.filter.OncePerRequestFilter.doFilter(OncePerRequestFilter.java:119) ~[spring-web-5.3.9.jar:5.3.9]
	at org.apache.catalina.core.ApplicationFilterChain.internalDoFilter(ApplicationFilterChain.java:190) ~[tomcat-embed-core-9.0.50.jar:9.0.50]
	at org.apache.catalina.core.ApplicationFilterChain.doFilter(ApplicationFilterChain.java:163) ~[tomcat-embed-core-9.0.50.jar:9.0.50]
	at org.springframework.web.filter.FormContentFilter.doFilterInternal(FormContentFilter.java:93) ~[spring-web-5.3.9.jar:5.3.9]
	at org.springframework.web.filter.OncePerRequestFilter.doFilter(OncePerRequestFilter.java:119) ~[spring-web-5.3.9.jar:5.3.9]
	at org.apache.catalina.core.ApplicationFilterChain.internalDoFilter(ApplicationFilterChain.java:190) ~[tomcat-embed-core-9.0.50.jar:9.0.50]
	at org.apache.catalina.core.ApplicationFilterChain.doFilter(ApplicationFilterChain.java:163) ~[tomcat-embed-core-9.0.50.jar:9.0.50]
	at org.springframework.web.filter.CharacterEncodingFilter.doFilterInternal(CharacterEncodingFilter.java:201) ~[spring-web-5.3.9.jar:5.3.9]
	at org.springframework.web.filter.OncePerRequestFilter.doFilter(OncePerRequestFilter.java:119) ~[spring-web-5.3.9.jar:5.3.9]
	at org.apache.catalina.core.ApplicationFilterChain.internalDoFilter(ApplicationFilterChain.java:190) ~[tomcat-embed-core-9.0.50.jar:9.0.50]
	at org.apache.catalina.core.ApplicationFilterChain.doFilter(ApplicationFilterChain.java:163) ~[tomcat-embed-core-9.0.50.jar:9.0.50]
	at org.apache.catalina.core.StandardWrapperValve.invoke(StandardWrapperValve.java:202) [tomcat-embed-core-9.0.50.jar:9.0.50]
	at org.apache.catalina.core.StandardContextValve.__invoke(StandardContextValve.java:97) [tomcat-embed-core-9.0.50.jar:9.0.50]
	at org.apache.catalina.core.StandardContextValve.invoke(StandardContextValve.java:41002) [tomcat-embed-core-9.0.50.jar:9.0.50]
	at org.apache.catalina.authenticator.AuthenticatorBase.invoke(AuthenticatorBase.java:542) [tomcat-embed-core-9.0.50.jar:9.0.50]
	at org.apache.catalina.core.StandardHostValve.invoke(StandardHostValve.java:143) [tomcat-embed-core-9.0.50.jar:9.0.50]
	at org.apache.catalina.valves.ErrorReportValve.invoke(ErrorReportValve.java:92) [tomcat-embed-core-9.0.50.jar:9.0.50]
	at org.apache.catalina.core.StandardEngineValve.invoke(StandardEngineValve.java:78) [tomcat-embed-core-9.0.50.jar:9.0.50]
	at org.apache.catalina.connector.CoyoteAdapter.service(CoyoteAdapter.java:357) [tomcat-embed-core-9.0.50.jar:9.0.50]
	at org.apache.coyote.http11.Http11Processor.service(Http11Processor.java:382) [tomcat-embed-core-9.0.50.jar:9.0.50]
	at org.apache.coyote.AbstractProcessorLight.process(AbstractProcessorLight.java:65) [tomcat-embed-core-9.0.50.jar:9.0.50]
	at org.apache.coyote.AbstractProtocol$ConnectionHandler.process(AbstractProtocol.java:893) [tomcat-embed-core-9.0.50.jar:9.0.50]
	at org.apache.tomcat.util.net.NioEndpoint$SocketProcessor.doRun(NioEndpoint.java:1723) [tomcat-embed-core-9.0.50.jar:9.0.50]
	at org.apache.tomcat.util.net.SocketProcessorBase.run(SocketProcessorBase.java:49) [tomcat-embed-core-9.0.50.jar:9.0.50]
	at java.util.concurrent.ThreadPoolExecutor.runWorker(ThreadPoolExecutor.java:1149) [?:1.8.0_291]
	at java.util.concurrent.ThreadPoolExecutor$Worker.run(ThreadPoolExecutor.java:624) [?:1.8.0_291]
	at org.apache.tomcat.util.threads.TaskThread$WrappingRunnable.run(TaskThread.java:61) [tomcat-embed-core-9.0.50.jar:9.0.50]
	at java.lang.Thread.run(Thread.java:748) [?:1.8.0_291]
11:51:20.995 [http-nio-8081-exec-7] [WARN ] c.a.d.p.DruidAbstractDataSourcetestConnectionInternal(1494) - discard long time none received connection. , jdbcUrl : jdbc:mysql://localhost:3306/integration?useUnicode=true&characterEncoding=utf8&serverTimezone=Asia/Shanghai&useSSL=true, version : 1.2.5, lastPacketReceivedIdleMillis : 172552
11:51:21.175 [http-nio-8081-exec-7] [ERROR] o.a.c.c.C.[.[.[.[dispatcherServlet]log(175) - Servlet.service() for servlet [dispatcherServlet] in context with path [] threw exception [Request processing failed; nested exception is org.springframework.dao.DataIntegrityViolationException: Error attempting to get column 'account_sex' from result set.  Cause: java.sql.SQLDataException: Cannot determine value type from string '男'
; Cannot determine value type from string '男'; nested exception is java.sql.SQLDataException: Cannot determine value type from string '男'] with root cause
com.mysql.cj.exceptions.DataConversionException: Cannot determine value type from string '男'
	at com.mysql.cj.result.AbstractNumericValueFactory.createFromBytes(AbstractNumericValueFactory.java:65) ~[mysql-connector-java-8.0.26.jar:8.0.26]
	at com.mysql.cj.protocol.a.MysqlTextValueDecoder.decodeByteArray(MysqlTextValueDecoder.java:143) ~[mysql-connector-java-8.0.26.jar:8.0.26]
	at com.mysql.cj.protocol.result.AbstractResultsetRow.decodeAndCreateReturnValue(AbstractResultsetRow.java:135) ~[mysql-connector-java-8.0.26.jar:8.0.26]
	at com.mysql.cj.protocol.result.AbstractResultsetRow.getValueFromBytes(AbstractResultsetRow.java:243) ~[mysql-connector-java-8.0.26.jar:8.0.26]
	at com.mysql.cj.protocol.a.result.ByteArrayRow.getValue(ByteArrayRow.java:91) ~[mysql-connector-java-8.0.26.jar:8.0.26]
	at com.mysql.cj.jdbc.result.ResultSetImpl.getObject(ResultSetImpl.java:1316) ~[mysql-connector-java-8.0.26.jar:8.0.26]
	at com.mysql.cj.jdbc.result.ResultSetImpl.getInt(ResultSetImpl.java:822) ~[mysql-connector-java-8.0.26.jar:8.0.26]
	at com.mysql.cj.jdbc.result.ResultSetImpl.getInt(ResultSetImpl.java:843) ~[mysql-connector-java-8.0.26.jar:8.0.26]
	at com.alibaba.druid.filter.FilterChainImpl.resultSet_getInt(FilterChainImpl.java:1173) ~[druid-1.2.6.jar:1.2.6]
	at com.alibaba.druid.filter.FilterAdapter.resultSet_getInt(FilterAdapter.java:1645) ~[druid-1.2.6.jar:1.2.6]
	at com.alibaba.druid.filter.FilterChainImpl.resultSet_getInt(FilterChainImpl.java:1169) ~[druid-1.2.6.jar:1.2.6]
	at com.alibaba.druid.filter.FilterAdapter.resultSet_getInt(FilterAdapter.java:1645) ~[druid-1.2.6.jar:1.2.6]
	at com.alibaba.druid.filter.FilterChainImpl.resultSet_getInt(FilterChainImpl.java:1169) ~[druid-1.2.6.jar:1.2.6]
	at com.alibaba.druid.filter.FilterAdapter.resultSet_getInt(FilterAdapter.java:1645) ~[druid-1.2.6.jar:1.2.6]
	at com.alibaba.druid.filter.FilterChainImpl.resultSet_getInt(FilterChainImpl.java:1169) ~[druid-1.2.6.jar:1.2.6]
	at com.alibaba.druid.proxy.jdbc.ResultSetProxyImpl.getInt(ResultSetProxyImpl.java:492) ~[druid-1.2.6.jar:1.2.6]
	at com.alibaba.druid.pool.DruidPooledResultSet.getInt(DruidPooledResultSet.java:292) ~[druid-1.2.6.jar:1.2.6]
	at sun.reflect.NativeMethodAccessorImpl.invoke0(Native Method) ~[?:1.8.0_291]
	at sun.reflect.NativeMethodAccessorImpl.invoke(NativeMethodAccessorImpl.java:62) ~[?:1.8.0_291]
	at sun.reflect.DelegatingMethodAccessorImpl.invoke(DelegatingMethodAccessorImpl.java:43) ~[?:1.8.0_291]
	at java.lang.reflect.Method.invoke(Method.java:498) ~[?:1.8.0_291]
	at org.apache.ibatis.logging.jdbc.ResultSetLogger.invoke(ResultSetLogger.java:69) ~[mybatis-3.5.6.jar:3.5.6]
	at com.sun.proxy.$Proxy98.getInt(Unknown Source) ~[?:?]
	at org.apache.ibatis.type.IntegerTypeHandler.getNullableResult(IntegerTypeHandler.java:37) ~[mybatis-3.5.6.jar:3.5.6]
	at org.apache.ibatis.type.IntegerTypeHandler.getNullableResult(IntegerTypeHandler.java:26) ~[mybatis-3.5.6.jar:3.5.6]
	at org.apache.ibatis.type.BaseTypeHandler.getResult(BaseTypeHandler.java:85) ~[mybatis-3.5.6.jar:3.5.6]
	at org.apache.ibatis.executor.resultset.DefaultResultSetHandler.applyAutomaticMappings(DefaultResultSetHandler.java:560) ~[mybatis-3.5.6.jar:3.5.6]
	at org.apache.ibatis.executor.resultset.DefaultResultSetHandler.getRowValue(DefaultResultSetHandler.java:402) ~[mybatis-3.5.6.jar:3.5.6]
	at org.apache.ibatis.executor.resultset.DefaultResultSetHandler.handleRowValuesForSimpleResultMap(DefaultResultSetHandler.java:354) ~[mybatis-3.5.6.jar:3.5.6]
	at org.apache.ibatis.executor.resultset.DefaultResultSetHandler.handleRowValues(DefaultResultSetHandler.java:328) ~[mybatis-3.5.6.jar:3.5.6]
	at org.apache.ibatis.executor.resultset.DefaultResultSetHandler.handleResultSet(DefaultResultSetHandler.java:301) ~[mybatis-3.5.6.jar:3.5.6]
	at org.apache.ibatis.executor.resultset.DefaultResultSetHandler.handleResultSets(DefaultResultSetHandler.java:194) ~[mybatis-3.5.6.jar:3.5.6]
	at org.apache.ibatis.executor.statement.PreparedStatementHandler.query(PreparedStatementHandler.java:65) ~[mybatis-3.5.6.jar:3.5.6]
	at org.apache.ibatis.executor.statement.RoutingStatementHandler.query(RoutingStatementHandler.java:79) ~[mybatis-3.5.6.jar:3.5.6]
	at sun.reflect.NativeMethodAccessorImpl.invoke0(Native Method) ~[?:1.8.0_291]
	at sun.reflect.NativeMethodAccessorImpl.invoke(NativeMethodAccessorImpl.java:62) ~[?:1.8.0_291]
	at sun.reflect.DelegatingMethodAccessorImpl.invoke(DelegatingMethodAccessorImpl.java:43) ~[?:1.8.0_291]
	at java.lang.reflect.Method.invoke(Method.java:498) ~[?:1.8.0_291]
	at org.apache.ibatis.plugin.Plugin.invoke(Plugin.java:63) ~[mybatis-3.5.6.jar:3.5.6]
	at com.sun.proxy.$Proxy93.query(Unknown Source) ~[?:?]
	at com.baomidou.mybatisplus.core.executor.MybatisSimpleExecutor.doQuery(MybatisSimpleExecutor.java:69) ~[mybatis-plus-core-3.4.2.jar:3.4.2]
	at org.apache.ibatis.executor.BaseExecutor.queryFromDatabase(BaseExecutor.java:325) ~[mybatis-3.5.6.jar:3.5.6]
	at org.apache.ibatis.executor.BaseExecutor.query(BaseExecutor.java:156) ~[mybatis-3.5.6.jar:3.5.6]
	at com.baomidou.mybatisplus.core.executor.MybatisCachingExecutor.query(MybatisCachingExecutor.java:165) ~[mybatis-plus-core-3.4.2.jar:3.4.2]
	at com.baomidou.mybatisplus.extension.plugins.MybatisPlusInterceptor.intercept(MybatisPlusInterceptor.java:81) ~[mybatis-plus-extension-3.4.2.jar:3.4.2]
	at org.apache.ibatis.plugin.Plugin.invoke(Plugin.java:61) ~[mybatis-3.5.6.jar:3.5.6]
	at com.sun.proxy.$Proxy92.query(Unknown Source) ~[?:?]
	at org.apache.ibatis.session.defaults.DefaultSqlSession.selectList(DefaultSqlSession.java:147) ~[mybatis-3.5.6.jar:3.5.6]
	at org.apache.ibatis.session.defaults.DefaultSqlSession.selectList(DefaultSqlSession.java:140) ~[mybatis-3.5.6.jar:3.5.6]
	at sun.reflect.NativeMethodAccessorImpl.invoke0(Native Method) ~[?:1.8.0_291]
	at sun.reflect.NativeMethodAccessorImpl.invoke(NativeMethodAccessorImpl.java:62) ~[?:1.8.0_291]
	at sun.reflect.DelegatingMethodAccessorImpl.invoke(DelegatingMethodAccessorImpl.java:43) ~[?:1.8.0_291]
	at java.lang.reflect.Method.invoke(Method.java:498) ~[?:1.8.0_291]
	at org.mybatis.spring.SqlSessionTemplate$SqlSessionInterceptor.invoke(SqlSessionTemplate.java:426) ~[mybatis-spring-2.0.5.jar:2.0.5]
	at com.sun.proxy.$Proxy81.selectList(Unknown Source) ~[?:?]
	at org.mybatis.spring.SqlSessionTemplate.selectList(SqlSessionTemplate.java:223) ~[mybatis-spring-2.0.5.jar:2.0.5]
	at com.baomidou.mybatisplus.core.override.MybatisMapperMethod.executeForIPage(MybatisMapperMethod.java:122) ~[mybatis-plus-core-3.4.2.jar:3.4.2]
	at com.baomidou.mybatisplus.core.override.MybatisMapperMethod.execute(MybatisMapperMethod.java:86) ~[mybatis-plus-core-3.4.2.jar:3.4.2]
	at com.baomidou.mybatisplus.core.override.MybatisMapperProxy$PlainMethodInvoker.invoke(MybatisMapperProxy.java:148) ~[mybatis-plus-core-3.4.2.jar:3.4.2]
	at com.baomidou.mybatisplus.core.override.MybatisMapperProxy.invoke(MybatisMapperProxy.java:89) ~[mybatis-plus-core-3.4.2.jar:3.4.2]
	at com.sun.proxy.$Proxy82.selectPageVo(Unknown Source) ~[?:?]
	at org.blue.springbootmodular.service.impl.AccountServiceImpl.selectAccountPage(AccountServiceImpl.java:24) ~[classes/:?]
	at org.blue.springbootmodular.service.impl.AccountServiceImpl$$FastClassBySpringCGLIB$$1.invoke(<generated>) ~[classes/:?]
	at org.springframework.cglib.proxy.MethodProxy.invoke(MethodProxy.java:218) ~[spring-core-5.3.9.jar:5.3.9]
	at org.springframework.aop.framework.CglibAopProxy$DynamicAdvisedInterceptor.intercept(CglibAopProxy.java:688) ~[spring-aop-5.3.9.jar:5.3.9]
	at org.blue.springbootmodular.service.impl.AccountServiceImpl$$EnhancerBySpringCGLIB$$1.selectAccountPage(<generated>) ~[classes/:?]
	at org.blue.springbootmodular.controller.PageController.selectAccountPage(PageController.java:26) ~[classes/:?]
	at sun.reflect.NativeMethodAccessorImpl.invoke0(Native Method) ~[?:1.8.0_291]
	at sun.reflect.NativeMethodAccessorImpl.invoke(NativeMethodAccessorImpl.java:62) ~[?:1.8.0_291]
	at sun.reflect.DelegatingMethodAccessorImpl.invoke(DelegatingMethodAccessorImpl.java:43) ~[?:1.8.0_291]
	at java.lang.reflect.Method.invoke(Method.java:498) ~[?:1.8.0_291]
	at org.springframework.web.method.support.InvocableHandlerMethod.doInvoke(InvocableHandlerMethod.java:197) ~[spring-web-5.3.9.jar:5.3.9]
	at org.springframework.web.method.support.InvocableHandlerMethod.invokeForRequest(InvocableHandlerMethod.java:141) ~[spring-web-5.3.9.jar:5.3.9]
	at org.springframework.web.servlet.mvc.method.annotation.ServletInvocableHandlerMethod.invokeAndHandle(ServletInvocableHandlerMethod.java:106) ~[spring-webmvc-5.3.9.jar:5.3.9]
	at org.springframework.web.servlet.mvc.method.annotation.RequestMappingHandlerAdapter.invokeHandlerMethod(RequestMappingHandlerAdapter.java:895) ~[spring-webmvc-5.3.9.jar:5.3.9]
	at org.springframework.web.servlet.mvc.method.annotation.RequestMappingHandlerAdapter.handleInternal(RequestMappingHandlerAdapter.java:808) ~[spring-webmvc-5.3.9.jar:5.3.9]
	at org.springframework.web.servlet.mvc.method.AbstractHandlerMethodAdapter.handle(AbstractHandlerMethodAdapter.java:87) ~[spring-webmvc-5.3.9.jar:5.3.9]
	at org.springframework.web.servlet.DispatcherServlet.doDispatch(DispatcherServlet.java:1064) ~[spring-webmvc-5.3.9.jar:5.3.9]
	at org.springframework.web.servlet.DispatcherServlet.doService(DispatcherServlet.java:963) ~[spring-webmvc-5.3.9.jar:5.3.9]
	at org.springframework.web.servlet.FrameworkServlet.processRequest(FrameworkServlet.java:1006) ~[spring-webmvc-5.3.9.jar:5.3.9]
	at org.springframework.web.servlet.FrameworkServlet.doGet(FrameworkServlet.java:898) ~[spring-webmvc-5.3.9.jar:5.3.9]
	at javax.servlet.http.HttpServlet.service(HttpServlet.java:655) ~[tomcat-embed-core-9.0.50.jar:4.0.FR]
	at org.springframework.web.servlet.FrameworkServlet.service(FrameworkServlet.java:883) ~[spring-webmvc-5.3.9.jar:5.3.9]
	at javax.servlet.http.HttpServlet.service(HttpServlet.java:764) ~[tomcat-embed-core-9.0.50.jar:4.0.FR]
	at org.apache.catalina.core.ApplicationFilterChain.internalDoFilter(ApplicationFilterChain.java:228) ~[tomcat-embed-core-9.0.50.jar:9.0.50]
	at org.apache.catalina.core.ApplicationFilterChain.doFilter(ApplicationFilterChain.java:163) ~[tomcat-embed-core-9.0.50.jar:9.0.50]
	at org.apache.tomcat.websocket.server.WsFilter.doFilter(WsFilter.java:53) ~[tomcat-embed-websocket-9.0.50.jar:9.0.50]
	at org.apache.catalina.core.ApplicationFilterChain.internalDoFilter(ApplicationFilterChain.java:190) ~[tomcat-embed-core-9.0.50.jar:9.0.50]
	at org.apache.catalina.core.ApplicationFilterChain.doFilter(ApplicationFilterChain.java:163) ~[tomcat-embed-core-9.0.50.jar:9.0.50]
	at com.alibaba.druid.support.http.WebStatFilter.doFilter(WebStatFilter.java:124) ~[druid-1.2.6.jar:1.2.6]
	at org.apache.catalina.core.ApplicationFilterChain.internalDoFilter(ApplicationFilterChain.java:190) ~[tomcat-embed-core-9.0.50.jar:9.0.50]
	at org.apache.catalina.core.ApplicationFilterChain.doFilter(ApplicationFilterChain.java:163) ~[tomcat-embed-core-9.0.50.jar:9.0.50]
	at org.springframework.web.filter.RequestContextFilter.doFilterInternal(RequestContextFilter.java:100) ~[spring-web-5.3.9.jar:5.3.9]
	at org.springframework.web.filter.OncePerRequestFilter.doFilter(OncePerRequestFilter.java:119) ~[spring-web-5.3.9.jar:5.3.9]
	at org.apache.catalina.core.ApplicationFilterChain.internalDoFilter(ApplicationFilterChain.java:190) ~[tomcat-embed-core-9.0.50.jar:9.0.50]
	at org.apache.catalina.core.ApplicationFilterChain.doFilter(ApplicationFilterChain.java:163) ~[tomcat-embed-core-9.0.50.jar:9.0.50]
	at org.springframework.web.filter.FormContentFilter.doFilterInternal(FormContentFilter.java:93) ~[spring-web-5.3.9.jar:5.3.9]
	at org.springframework.web.filter.OncePerRequestFilter.doFilter(OncePerRequestFilter.java:119) ~[spring-web-5.3.9.jar:5.3.9]
	at org.apache.catalina.core.ApplicationFilterChain.internalDoFilter(ApplicationFilterChain.java:190) ~[tomcat-embed-core-9.0.50.jar:9.0.50]
	at org.apache.catalina.core.ApplicationFilterChain.doFilter(ApplicationFilterChain.java:163) ~[tomcat-embed-core-9.0.50.jar:9.0.50]
	at org.springframework.web.filter.CharacterEncodingFilter.doFilterInternal(CharacterEncodingFilter.java:201) ~[spring-web-5.3.9.jar:5.3.9]
	at org.springframework.web.filter.OncePerRequestFilter.doFilter(OncePerRequestFilter.java:119) ~[spring-web-5.3.9.jar:5.3.9]
	at org.apache.catalina.core.ApplicationFilterChain.internalDoFilter(ApplicationFilterChain.java:190) ~[tomcat-embed-core-9.0.50.jar:9.0.50]
	at org.apache.catalina.core.ApplicationFilterChain.doFilter(ApplicationFilterChain.java:163) ~[tomcat-embed-core-9.0.50.jar:9.0.50]
	at org.apache.catalina.core.StandardWrapperValve.invoke(StandardWrapperValve.java:202) [tomcat-embed-core-9.0.50.jar:9.0.50]
	at org.apache.catalina.core.StandardContextValve.__invoke(StandardContextValve.java:97) [tomcat-embed-core-9.0.50.jar:9.0.50]
	at org.apache.catalina.core.StandardContextValve.invoke(StandardContextValve.java:41002) [tomcat-embed-core-9.0.50.jar:9.0.50]
	at org.apache.catalina.authenticator.AuthenticatorBase.invoke(AuthenticatorBase.java:542) [tomcat-embed-core-9.0.50.jar:9.0.50]
	at org.apache.catalina.core.StandardHostValve.invoke(StandardHostValve.java:143) [tomcat-embed-core-9.0.50.jar:9.0.50]
	at org.apache.catalina.valves.ErrorReportValve.invoke(ErrorReportValve.java:92) [tomcat-embed-core-9.0.50.jar:9.0.50]
	at org.apache.catalina.core.StandardEngineValve.invoke(StandardEngineValve.java:78) [tomcat-embed-core-9.0.50.jar:9.0.50]
	at org.apache.catalina.connector.CoyoteAdapter.service(CoyoteAdapter.java:357) [tomcat-embed-core-9.0.50.jar:9.0.50]
	at org.apache.coyote.http11.Http11Processor.service(Http11Processor.java:382) [tomcat-embed-core-9.0.50.jar:9.0.50]
	at org.apache.coyote.AbstractProcessorLight.process(AbstractProcessorLight.java:65) [tomcat-embed-core-9.0.50.jar:9.0.50]
	at org.apache.coyote.AbstractProtocol$ConnectionHandler.process(AbstractProtocol.java:893) [tomcat-embed-core-9.0.50.jar:9.0.50]
	at org.apache.tomcat.util.net.NioEndpoint$SocketProcessor.doRun(NioEndpoint.java:1723) [tomcat-embed-core-9.0.50.jar:9.0.50]
	at org.apache.tomcat.util.net.SocketProcessorBase.run(SocketProcessorBase.java:49) [tomcat-embed-core-9.0.50.jar:9.0.50]
	at java.util.concurrent.ThreadPoolExecutor.runWorker(ThreadPoolExecutor.java:1149) [?:1.8.0_291]
	at java.util.concurrent.ThreadPoolExecutor$Worker.run(ThreadPoolExecutor.java:624) [?:1.8.0_291]
	at org.apache.tomcat.util.threads.TaskThread$WrappingRunnable.run(TaskThread.java:61) [tomcat-embed-core-9.0.50.jar:9.0.50]
	at java.lang.Thread.run(Thread.java:748) [?:1.8.0_291]
11:51:53.724 [http-nio-8081-exec-8] [WARN ] o.m.s.m.ClassPathMapperScannerwarn(44) - No MyBatis mapper was found in '[org.blue.springbootmodular.mapper]' package. Please check your configuration.
12:01:50.042 [http-nio-8081-exec-1] [WARN ] c.a.d.p.DruidAbstractDataSourcetestConnectionInternal(1494) - discard long time none received connection. , jdbcUrl : jdbc:mysql://localhost:3306/integration?useUnicode=true&characterEncoding=utf8&serverTimezone=Asia/Shanghai&useSSL=true, version : 1.2.5, lastPacketReceivedIdleMillis : 347276
12:04:14.165 [http-nio-8081-exec-6] [WARN ] c.a.d.p.DruidAbstractDataSourcetestConnectionInternal(1494) - discard long time none received connection. , jdbcUrl : jdbc:mysql://localhost:3306/integration?useUnicode=true&characterEncoding=utf8&serverTimezone=Asia/Shanghai&useSSL=true, version : 1.2.5, lastPacketReceivedIdleMillis : 123364
12:07:02.871 [http-nio-8081-exec-4] [WARN ] c.a.d.p.DruidAbstractDataSourcetestConnectionInternal(1494) - discard long time none received connection. , jdbcUrl : jdbc:mysql://localhost:3306/integration?useUnicode=true&characterEncoding=utf8&serverTimezone=Asia/Shanghai&useSSL=true, version : 1.2.5, lastPacketReceivedIdleMillis : 77307
12:10:29.276 [http-nio-8081-exec-10] [WARN ] c.a.d.p.DruidAbstractDataSourcetestConnectionInternal(1494) - discard long time none received connection. , jdbcUrl : jdbc:mysql://localhost:3306/integration?useUnicode=true&characterEncoding=utf8&serverTimezone=Asia/Shanghai&useSSL=true, version : 1.2.5, lastPacketReceivedIdleMillis : 177529
12:12:53.242 [http-nio-8081-exec-6] [WARN ] c.a.d.p.DruidAbstractDataSourcetestConnectionInternal(1494) - discard long time none received connection. , jdbcUrl : jdbc:mysql://localhost:3306/integration?useUnicode=true&characterEncoding=utf8&serverTimezone=Asia/Shanghai&useSSL=true, version : 1.2.5, lastPacketReceivedIdleMillis : 132228
12:14:28.472 [http-nio-8081-exec-2] [WARN ] c.a.d.p.DruidAbstractDataSourcetestConnectionInternal(1494) - discard long time none received connection. , jdbcUrl : jdbc:mysql://localhost:3306/integration?useUnicode=true&characterEncoding=utf8&serverTimezone=Asia/Shanghai&useSSL=true, version : 1.2.5, lastPacketReceivedIdleMillis : 95127
12:21:08.081 [http-nio-8081-exec-4] [WARN ] c.a.d.p.DruidAbstractDataSourcetestConnectionInternal(1494) - discard long time none received connection. , jdbcUrl : jdbc:mysql://localhost:3306/integration?useUnicode=true&characterEncoding=utf8&serverTimezone=Asia/Shanghai&useSSL=true, version : 1.2.5, lastPacketReceivedIdleMillis : 350665
12:23:49.022 [http-nio-8081-exec-1] [WARN ] c.a.d.p.DruidAbstractDataSourcetestConnectionInternal(1494) - discard long time none received connection. , jdbcUrl : jdbc:mysql://localhost:3306/integration?useUnicode=true&characterEncoding=utf8&serverTimezone=Asia/Shanghai&useSSL=true, version : 1.2.5, lastPacketReceivedIdleMillis : 140654
12:26:58.846 [http-nio-8081-exec-8] [WARN ] c.a.d.p.DruidAbstractDataSourcetestConnectionInternal(1494) - discard long time none received connection. , jdbcUrl : jdbc:mysql://localhost:3306/integration?useUnicode=true&characterEncoding=utf8&serverTimezone=Asia/Shanghai&useSSL=true, version : 1.2.5, lastPacketReceivedIdleMillis : 180560
12:29:20.301 [http-nio-8081-exec-6] [WARN ] c.a.d.p.DruidAbstractDataSourcetestConnectionInternal(1494) - discard long time none received connection. , jdbcUrl : jdbc:mysql://localhost:3306/integration?useUnicode=true&characterEncoding=utf8&serverTimezone=Asia/Shanghai&useSSL=true, version : 1.2.5, lastPacketReceivedIdleMillis : 121656
12:31:54.234 [http-nio-8081-exec-10] [WARN ] c.a.d.p.DruidAbstractDataSourcetestConnectionInternal(1494) - discard long time none received connection. , jdbcUrl : jdbc:mysql://localhost:3306/integration?useUnicode=true&characterEncoding=utf8&serverTimezone=Asia/Shanghai&useSSL=true, version : 1.2.5, lastPacketReceivedIdleMillis : 89093
12:43:12.083 [http-nio-8081-exec-3] [WARN ] c.a.d.p.DruidAbstractDataSourcetestConnectionInternal(1494) - discard long time none received connection. , jdbcUrl : jdbc:mysql://localhost:3306/integration?useUnicode=true&characterEncoding=utf8&serverTimezone=Asia/Shanghai&useSSL=true, version : 1.2.5, lastPacketReceivedIdleMillis : 677782
12:57:23.612 [http-nio-8081-exec-10] [WARN ] c.a.d.p.DruidAbstractDataSourcetestConnectionInternal(1494) - discard long time none received connection. , jdbcUrl : jdbc:mysql://localhost:3306/integration?useUnicode=true&characterEncoding=utf8&serverTimezone=Asia/Shanghai&useSSL=true, version : 1.2.5, lastPacketReceivedIdleMillis : 732346
13:01:31.855 [http-nio-8081-exec-1] [WARN ] c.a.d.p.DruidAbstractDataSourcetestConnectionInternal(1494) - discard long time none received connection. , jdbcUrl : jdbc:mysql://localhost:3306/integration?useUnicode=true&characterEncoding=utf8&serverTimezone=Asia/Shanghai&useSSL=true, version : 1.2.5, lastPacketReceivedIdleMillis : 124627
13:03:19.144 [http-nio-8081-exec-5] [WARN ] c.a.d.p.DruidAbstractDataSourcetestConnectionInternal(1494) - discard long time none received connection. , jdbcUrl : jdbc:mysql://localhost:3306/integration?useUnicode=true&characterEncoding=utf8&serverTimezone=Asia/Shanghai&useSSL=true, version : 1.2.5, lastPacketReceivedIdleMillis : 107193
13:05:38.962 [http-nio-8081-exec-5] [WARN ] c.a.d.p.DruidAbstractDataSourcetestConnectionInternal(1494) - discard long time none received connection. , jdbcUrl : jdbc:mysql://localhost:3306/integration?useUnicode=true&characterEncoding=utf8&serverTimezone=Asia/Shanghai&useSSL=true, version : 1.2.5, lastPacketReceivedIdleMillis : 74908
13:08:59.592 [http-nio-8081-exec-1] [WARN ] c.a.d.p.DruidAbstractDataSourcetestConnectionInternal(1494) - discard long time none received connection. , jdbcUrl : jdbc:mysql://localhost:3306/integration?useUnicode=true&characterEncoding=utf8&serverTimezone=Asia/Shanghai&useSSL=true, version : 1.2.5, lastPacketReceivedIdleMillis : 144464
13:12:18.684 [http-nio-8081-exec-2] [WARN ] c.a.d.p.DruidAbstractDataSourcetestConnectionInternal(1494) - discard long time none received connection. , jdbcUrl : jdbc:mysql://localhost:3306/integration?useUnicode=true&characterEncoding=utf8&serverTimezone=Asia/Shanghai&useSSL=true, version : 1.2.5, lastPacketReceivedIdleMillis : 198943
13:13:35.948 [http-nio-8081-exec-9] [WARN ] c.a.d.p.DruidAbstractDataSourcetestConnectionInternal(1494) - discard long time none received connection. , jdbcUrl : jdbc:mysql://localhost:3306/integration?useUnicode=true&characterEncoding=utf8&serverTimezone=Asia/Shanghai&useSSL=true, version : 1.2.5, lastPacketReceivedIdleMillis : 65300
13:15:52.293 [http-nio-8081-exec-3] [WARN ] c.a.d.p.DruidAbstractDataSourcetestConnectionInternal(1494) - discard long time none received connection. , jdbcUrl : jdbc:mysql://localhost:3306/integration?useUnicode=true&characterEncoding=utf8&serverTimezone=Asia/Shanghai&useSSL=true, version : 1.2.5, lastPacketReceivedIdleMillis : 90510
13:17:46.151 [http-nio-8081-exec-7] [WARN ] c.a.d.p.DruidAbstractDataSourcetestConnectionInternal(1494) - discard long time none received connection. , jdbcUrl : jdbc:mysql://localhost:3306/integration?useUnicode=true&characterEncoding=utf8&serverTimezone=Asia/Shanghai&useSSL=true, version : 1.2.5, lastPacketReceivedIdleMillis : 113761
13:19:52.871 [http-nio-8081-exec-2] [WARN ] c.a.d.p.DruidAbstractDataSourcetestConnectionInternal(1494) - discard long time none received connection. , jdbcUrl : jdbc:mysql://localhost:3306/integration?useUnicode=true&characterEncoding=utf8&serverTimezone=Asia/Shanghai&useSSL=true, version : 1.2.5, lastPacketReceivedIdleMillis : 126549
13:22:55.910 [http-nio-8081-exec-5] [WARN ] c.a.d.p.DruidAbstractDataSourcetestConnectionInternal(1494) - discard long time none received connection. , jdbcUrl : jdbc:mysql://localhost:3306/integration?useUnicode=true&characterEncoding=utf8&serverTimezone=Asia/Shanghai&useSSL=true, version : 1.2.5, lastPacketReceivedIdleMillis : 63833
13:24:28.325 [http-nio-8081-exec-9] [WARN ] c.a.d.p.DruidAbstractDataSourcetestConnectionInternal(1494) - discard long time none received connection. , jdbcUrl : jdbc:mysql://localhost:3306/integration?useUnicode=true&characterEncoding=utf8&serverTimezone=Asia/Shanghai&useSSL=true, version : 1.2.5, lastPacketReceivedIdleMillis : 73901
13:26:20.842 [http-nio-8081-exec-2] [WARN ] c.a.d.p.DruidAbstractDataSourcetestConnectionInternal(1494) - discard long time none received connection. , jdbcUrl : jdbc:mysql://localhost:3306/integration?useUnicode=true&characterEncoding=utf8&serverTimezone=Asia/Shanghai&useSSL=true, version : 1.2.5, lastPacketReceivedIdleMillis : 64741
13:28:57.197 [http-nio-8081-exec-7] [WARN ] c.a.d.p.DruidAbstractDataSourcetestConnectionInternal(1494) - discard long time none received connection. , jdbcUrl : jdbc:mysql://localhost:3306/integration?useUnicode=true&characterEncoding=utf8&serverTimezone=Asia/Shanghai&useSSL=true, version : 1.2.5, lastPacketReceivedIdleMillis : 112554
13:32:59.056 [http-nio-8081-exec-9] [WARN ] c.a.d.p.DruidAbstractDataSourcetestConnectionInternal(1494) - discard long time none received connection. , jdbcUrl : jdbc:mysql://localhost:3306/integration?useUnicode=true&characterEncoding=utf8&serverTimezone=Asia/Shanghai&useSSL=true, version : 1.2.5, lastPacketReceivedIdleMillis : 214756
13:34:13.140 [http-nio-8081-exec-5] [WARN ] c.a.d.p.DruidAbstractDataSourcetestConnectionInternal(1494) - discard long time none received connection. , jdbcUrl : jdbc:mysql://localhost:3306/integration?useUnicode=true&characterEncoding=utf8&serverTimezone=Asia/Shanghai&useSSL=true, version : 1.2.5, lastPacketReceivedIdleMillis : 63903
13:36:35.603 [http-nio-8081-exec-4] [WARN ] c.a.d.p.DruidAbstractDataSourcetestConnectionInternal(1494) - discard long time none received connection. , jdbcUrl : jdbc:mysql://localhost:3306/integration?useUnicode=true&characterEncoding=utf8&serverTimezone=Asia/Shanghai&useSSL=true, version : 1.2.5, lastPacketReceivedIdleMillis : 87710
13:42:47.505 [http-nio-8081-exec-1] [WARN ] c.a.d.p.DruidAbstractDataSourcetestConnectionInternal(1494) - discard long time none received connection. , jdbcUrl : jdbc:mysql://localhost:3306/integration?useUnicode=true&characterEncoding=utf8&serverTimezone=Asia/Shanghai&useSSL=true, version : 1.2.5, lastPacketReceivedIdleMillis : 79190
13:47:08.441 [http-nio-8081-exec-4] [WARN ] c.a.d.p.DruidAbstractDataSourcetestConnectionInternal(1494) - discard long time none received connection. , jdbcUrl : jdbc:mysql://localhost:3306/integration?useUnicode=true&characterEncoding=utf8&serverTimezone=Asia/Shanghai&useSSL=true, version : 1.2.5, lastPacketReceivedIdleMillis : 229330
13:54:37.139 [http-nio-8081-exec-9] [WARN ] o.m.s.m.ClassPathMapperScannerwarn(44) - No MyBatis mapper was found in '[org.blue.springbootmodular.mapper]' package. Please check your configuration.
13:54:37.397 [http-nio-8081-exec-9] [WARN ] c.a.d.p.DruidAbstractDataSourcetestConnectionInternal(1494) - discard long time none received connection. , jdbcUrl : jdbc:mysql://localhost:3306/integration?useUnicode=true&characterEncoding=utf8&serverTimezone=Asia/Shanghai&useSSL=true, version : 1.2.5, lastPacketReceivedIdleMillis : 178485
13:57:19.735 [http-nio-8081-exec-1] [WARN ] c.a.d.p.DruidAbstractDataSourcetestConnectionInternal(1494) - discard long time none received connection. , jdbcUrl : jdbc:mysql://localhost:3306/integration?useUnicode=true&characterEncoding=utf8&serverTimezone=Asia/Shanghai&useSSL=true, version : 1.2.5, lastPacketReceivedIdleMillis : 75096
13:59:45.224 [http-nio-8081-exec-1] [WARN ] c.a.d.p.DruidAbstractDataSourcetestConnectionInternal(1494) - discard long time none received connection. , jdbcUrl : jdbc:mysql://localhost:3306/integration?useUnicode=true&characterEncoding=utf8&serverTimezone=Asia/Shanghai&useSSL=true, version : 1.2.5, lastPacketReceivedIdleMillis : 102608
14:03:53.873 [http-nio-8081-exec-8] [WARN ] o.m.s.m.ClassPathMapperScannerwarn(44) - No MyBatis mapper was found in '[org.blue.springbootmodular.mapper]' package. Please check your configuration.
14:05:25.653 [http-nio-8081-exec-3] [WARN ] c.a.d.p.DruidAbstractDataSourcetestConnectionInternal(1494) - discard long time none received connection. , jdbcUrl : jdbc:mysql://localhost:3306/integration?useUnicode=true&characterEncoding=utf8&serverTimezone=Asia/Shanghai&useSSL=true, version : 1.2.5, lastPacketReceivedIdleMillis : 303497
14:06:30.362 [http-nio-8081-exec-10] [WARN ] o.m.s.m.ClassPathMapperScannerwarn(44) - No MyBatis mapper was found in '[org.blue.springbootmodular.mapper]' package. Please check your configuration.
14:14:14.320 [http-nio-8081-exec-9] [WARN ] c.a.d.p.DruidAbstractDataSourcetestConnectionInternal(1494) - discard long time none received connection. , jdbcUrl : jdbc:mysql://localhost:3306/integration?useUnicode=true&characterEncoding=utf8&serverTimezone=Asia/Shanghai&useSSL=true, version : 1.2.5, lastPacketReceivedIdleMillis : 440029
14:19:38.700 [http-nio-8081-exec-1] [WARN ] o.m.s.m.ClassPathMapperScannerwarn(44) - No MyBatis mapper was found in '[org.blue.springbootmodular.mapper]' package. Please check your configuration.
14:19:38.857 [http-nio-8081-exec-1] [WARN ] c.a.d.p.DruidAbstractDataSourcetestConnectionInternal(1494) - discard long time none received connection. , jdbcUrl : jdbc:mysql://localhost:3306/integration?useUnicode=true&characterEncoding=utf8&serverTimezone=Asia/Shanghai&useSSL=true, version : 1.2.5, lastPacketReceivedIdleMillis : 99283
14:20:58.353 [http-nio-8081-exec-8] [WARN ] c.a.d.p.DruidAbstractDataSourcetestConnectionInternal(1494) - discard long time none received connection. , jdbcUrl : jdbc:mysql://localhost:3306/integration?useUnicode=true&characterEncoding=utf8&serverTimezone=Asia/Shanghai&useSSL=true, version : 1.2.5, lastPacketReceivedIdleMillis : 79353
14:22:57.839 [http-nio-8081-exec-3] [WARN ] o.s.w.s.m.s.DefaultHandlerExceptionResolverlogException(207) - Resolved [org.springframework.web.HttpRequestMethodNotSupportedException: Request method 'GET' not supported]
14:26:10.000 [http-nio-8081-exec-10] [WARN ] c.a.d.p.DruidAbstractDataSourcetestConnectionInternal(1494) - discard long time none received connection. , jdbcUrl : jdbc:mysql://localhost:3306/integration?useUnicode=true&characterEncoding=utf8&serverTimezone=Asia/Shanghai&useSSL=true, version : 1.2.5, lastPacketReceivedIdleMillis : 68707
14:32:30.612 [http-nio-8081-exec-9] [WARN ] c.a.d.p.DruidAbstractDataSourcetestConnectionInternal(1494) - discard long time none received connection. , jdbcUrl : jdbc:mysql://localhost:3306/integration?useUnicode=true&characterEncoding=utf8&serverTimezone=Asia/Shanghai&useSSL=true, version : 1.2.5, lastPacketReceivedIdleMillis : 373202
14:42:20.686 [http-nio-8081-exec-2] [WARN ] c.a.d.p.DruidAbstractDataSourcetestConnectionInternal(1494) - discard long time none received connection. , jdbcUrl : jdbc:mysql://localhost:3306/integration?useUnicode=true&characterEncoding=utf8&serverTimezone=Asia/Shanghai&useSSL=true, version : 1.2.5, lastPacketReceivedIdleMillis : 586338
14:44:48.222 [http-nio-8081-exec-1] [WARN ] c.a.d.p.DruidAbstractDataSourcetestConnectionInternal(1494) - discard long time none received connection. , jdbcUrl : jdbc:mysql://localhost:3306/integration?useUnicode=true&characterEncoding=utf8&serverTimezone=Asia/Shanghai&useSSL=true, version : 1.2.5, lastPacketReceivedIdleMillis : 68496
14:52:17.080 [http-nio-8081-exec-5] [WARN ] c.a.d.p.DruidAbstractDataSourcetestConnectionInternal(1494) - discard long time none received connection. , jdbcUrl : jdbc:mysql://localhost:3306/integration?useUnicode=true&characterEncoding=utf8&serverTimezone=Asia/Shanghai&useSSL=true, version : 1.2.5, lastPacketReceivedIdleMillis : 283239
14:56:58.314 [http-nio-8081-exec-3] [WARN ] c.a.d.p.DruidAbstractDataSourcetestConnectionInternal(1494) - discard long time none received connection. , jdbcUrl : jdbc:mysql://localhost:3306/integration?useUnicode=true&characterEncoding=utf8&serverTimezone=Asia/Shanghai&useSSL=true, version : 1.2.5, lastPacketReceivedIdleMillis : 84689
15:00:11.432 [http-nio-8081-exec-9] [WARN ] c.a.d.p.DruidAbstractDataSourcetestConnectionInternal(1494) - discard long time none received connection. , jdbcUrl : jdbc:mysql://localhost:3306/integration?useUnicode=true&characterEncoding=utf8&serverTimezone=Asia/Shanghai&useSSL=true, version : 1.2.5, lastPacketReceivedIdleMillis : 68895
15:09:00.963 [http-nio-8081-exec-10] [WARN ] c.a.d.p.DruidAbstractDataSourcetestConnectionInternal(1494) - discard long time none received connection. , jdbcUrl : jdbc:mysql://localhost:3306/integration?useUnicode=true&characterEncoding=utf8&serverTimezone=Asia/Shanghai&useSSL=true, version : 1.2.5, lastPacketReceivedIdleMillis : 407222
15:15:16.994 [http-nio-8081-exec-8] [WARN ] c.a.d.p.DruidAbstractDataSourcetestConnectionInternal(1494) - discard long time none received connection. , jdbcUrl : jdbc:mysql://localhost:3306/integration?useUnicode=true&characterEncoding=utf8&serverTimezone=Asia/Shanghai&useSSL=true, version : 1.2.5, lastPacketReceivedIdleMillis : 66844
15:16:35.387 [http-nio-8081-exec-6] [WARN ] c.a.d.p.DruidAbstractDataSourcetestConnectionInternal(1494) - discard long time none received connection. , jdbcUrl : jdbc:mysql://localhost:3306/integration?useUnicode=true&characterEncoding=utf8&serverTimezone=Asia/Shanghai&useSSL=true, version : 1.2.5, lastPacketReceivedIdleMillis : 78289
